2023-06-03 06:40:23,413 INFO root MainThread : Started
2023-06-03 06:40:23,424 INFO waitress MainThread : Serving on http://0.0.0.0:5001
2023-06-03 06:40:27,048 INFO root waitress-0 : /validateImage....
2023-06-03 06:40:27,049 INFO root waitress-0 : >>----->>> START:UUID:=6cbe1bfd-01ab-11ee-be46-005056c00008 <<<-----<<
2023-06-03 06:40:27,050 INFO root waitress-0 : process_image:image_file_path=D:/Projects/py-ValidateImageAPI/static/images/239994619091982.jpg img_type=face
2023-06-03 06:40:27,050 INFO root waitress-0 : validate_input_file:isfile=True isurl=False
2023-06-03 06:40:27,051 INFO root waitress-0 : validate_input_file2:isfile=True isurl=False
2023-06-03 06:40:27,070 INFO root waitress-0 : face:face:is_face_valid:isurl=false
2023-06-03 06:40:27,160 INFO root waitress-0 : Face Locations=[(110, 253, 239, 124)]
2023-06-03 06:40:27,161 INFO root waitress-0 : is_face_valid=true
2023-06-03 06:40:27,164 INFO root waitress-0 : Actual face Dim=height=415 width=370
2023-06-03 06:40:27,164 INFO root waitress-0 : Required face Dim=height=2400 width=2400
2023-06-03 06:40:27,322 INFO root waitress-0 : is_binary_image=False
2023-06-03 06:40:27,529 INFO root waitress-0 : _isblur1_=false isvalidface=true
2023-06-03 06:40:27,530 INFO root waitress-0 : >>----->>> END:UUID:=6cbe1bfd-01ab-11ee-be46-005056c00008 <<<-----<<
2023-06-03 06:40:47,941 INFO root waitress-1 : /validateImage....
2023-06-03 06:40:47,942 INFO root waitress-1 : >>----->>> START:UUID:=793224f8-01ab-11ee-9c2c-005056c00008 <<<-----<<
2023-06-03 06:40:47,942 INFO root waitress-1 : process_image:image_file_path=D:/Projects/py-ValidateImageAPI/static/images/346299504061986.jpg img_type=face
2023-06-03 06:40:47,944 INFO root waitress-1 : validate_input_file:isfile=True isurl=False
2023-06-03 06:40:47,944 INFO root waitress-1 : validate_input_file2:isfile=True isurl=False
2023-06-03 06:40:47,946 INFO root waitress-1 : face:face:is_face_valid:isurl=false
2023-06-03 06:40:47,982 INFO root waitress-1 : Face Locations=[(63, 162, 138, 88)]
2023-06-03 06:40:47,983 INFO root waitress-1 : is_face_valid=true
2023-06-03 06:40:47,985 INFO root waitress-1 : Actual face Dim=height=269 width=253
2023-06-03 06:40:47,985 INFO root waitress-1 : Required face Dim=height=2400 width=2400
2023-06-03 06:40:48,040 INFO root waitress-1 : is_binary_image=True
2023-06-03 06:40:48,042 INFO root waitress-1 : _isblur1_=false isvalidface=false
2023-06-03 06:40:48,042 INFO root waitress-1 : >>----->>> END:UUID:=793224f8-01ab-11ee-9c2c-005056c00008 <<<-----<<
2023-06-03 06:41:29,742 INFO root waitress-2 : /validateImage....
2023-06-03 06:41:29,744 INFO root waitress-2 : >>----->>> START:UUID:=921c8deb-01ab-11ee-85dd-005056c00008 <<<-----<<
2023-06-03 06:41:29,745 INFO root waitress-2 : process_image:image_file_path=D:/Projects/py-ValidateImageAPI/static/images/239994619091982.jpg img_type=face
2023-06-03 06:41:29,745 INFO root waitress-2 : validate_input_file:isfile=True isurl=False
2023-06-03 06:41:29,745 INFO root waitress-2 : validate_input_file2:isfile=True isurl=False
2023-06-03 06:41:29,749 INFO root waitress-2 : face:face:is_face_valid:isurl=false
2023-06-03 06:41:29,833 INFO root waitress-2 : Face Locations=[(110, 253, 239, 124)]
2023-06-03 06:41:29,834 INFO root waitress-2 : is_face_valid=true
2023-06-03 06:41:29,836 INFO root waitress-2 : Actual face Dim=height=415 width=370
2023-06-03 06:41:29,837 INFO root waitress-2 : Required face Dim=height=2400 width=2400
2023-06-03 06:41:29,996 INFO root waitress-2 : is_binary_image=False
2023-06-03 06:41:30,213 INFO root waitress-2 : _isblur1_=false isvalidface=true
2023-06-03 06:41:30,214 INFO root waitress-2 : >>----->>> END:UUID:=921c8deb-01ab-11ee-85dd-005056c00008 <<<-----<<
2023-06-03 06:46:17,498 INFO root waitress-3 : /validateImage....
2023-06-03 06:46:17,498 INFO root waitress-3 : >>----->>> START:UUID:=3da0518c-01ac-11ee-8e05-005056c00008 <<<-----<<
2023-06-03 06:46:17,499 INFO root waitress-3 : process_image:image_file_path=D:/Projects/py-ValidateImageAPI/static/images/3113348616.jpg img_type=sign
2023-06-03 06:46:17,499 INFO root waitress-3 : validate_input_file:isfile=True isurl=False
2023-06-03 06:46:17,500 INFO root waitress-3 : validate_input_file2:isfile=True isurl=False
2023-06-03 06:46:17,505 DEBUG PIL.PngImagePlugin waitress-3 : STREAM b'IHDR' 16 13
2023-06-03 06:46:17,505 DEBUG PIL.PngImagePlugin waitress-3 : STREAM b'sRGB' 41 1
2023-06-03 06:46:17,505 DEBUG PIL.PngImagePlugin waitress-3 : STREAM b'gAMA' 54 4
2023-06-03 06:46:17,506 DEBUG PIL.PngImagePlugin waitress-3 : STREAM b'pHYs' 70 9
2023-06-03 06:46:17,506 DEBUG PIL.PngImagePlugin waitress-3 : STREAM b'IDAT' 91 2671
2023-06-03 06:46:17,507 INFO root waitress-3 : sign:Actual sign Dim=height=96 width=216
2023-06-03 06:46:17,508 INFO root waitress-3 : sign:Required sign Dim=height=2400 width=2400
2023-06-03 06:46:17,522 DEBUG PIL.PngImagePlugin waitress-3 : STREAM b'IHDR' 16 13
2023-06-03 06:46:17,522 DEBUG PIL.PngImagePlugin waitress-3 : STREAM b'sRGB' 41 1
2023-06-03 06:46:17,523 DEBUG PIL.PngImagePlugin waitress-3 : STREAM b'gAMA' 54 4
2023-06-03 06:46:17,523 DEBUG PIL.PngImagePlugin waitress-3 : STREAM b'pHYs' 70 9
2023-06-03 06:46:17,523 DEBUG PIL.PngImagePlugin waitress-3 : STREAM b'IDAT' 91 2671
2023-06-03 06:46:17,535 DEBUG PIL.PngImagePlugin waitress-3 : STREAM b'IHDR' 16 13
2023-06-03 06:46:17,535 DEBUG PIL.PngImagePlugin waitress-3 : STREAM b'sRGB' 41 1
2023-06-03 06:46:17,536 DEBUG PIL.PngImagePlugin waitress-3 : STREAM b'gAMA' 54 4
2023-06-03 06:46:17,536 DEBUG PIL.PngImagePlugin waitress-3 : STREAM b'pHYs' 70 9
2023-06-03 06:46:17,537 DEBUG PIL.PngImagePlugin waitress-3 : STREAM b'IDAT' 91 2671
2023-06-03 06:46:17,538 INFO root waitress-3 : _isblur1_=false isvalidface=false
2023-06-03 06:46:17,538 INFO root waitress-3 : >>----->>> END:UUID:=3da0518c-01ac-11ee-8e05-005056c00008 <<<-----<<
2023-06-03 06:50:16,750 INFO root MainThread : Started
2023-06-03 06:50:16,762 INFO waitress MainThread : Serving on http://0.0.0.0:5001
2023-06-03 06:56:56,735 INFO root waitress-0 : /validateImage....
2023-06-03 06:56:56,736 INFO root waitress-0 : >>----->>> START:UUID:=baa43b88-01ad-11ee-affb-005056c00008 <<<-----<<
2023-06-03 06:56:56,736 INFO root waitress-0 : process_image:image_file_path=D:/Projects/py-ValidateImageAPI/static/images/Without signature -4.jpg img_type=sign
2023-06-03 06:56:56,737 INFO root waitress-0 : validate_input_file:isfile=True isurl=False
2023-06-03 06:56:56,737 INFO root waitress-0 : validate_input_file2:isfile=True isurl=False
2023-06-03 06:56:56,772 INFO root waitress-0 : sign:Actual sign Dim=height=670 width=966
2023-06-03 06:56:56,772 INFO root waitress-0 : sign:Required sign Dim=height=2400 width=2400
2023-06-03 06:56:57,751 INFO root waitress-0 : _isblur1_=false isvalidface=false
2023-06-03 06:56:57,752 INFO root waitress-0 : >>----->>> END:UUID:=baa43b88-01ad-11ee-affb-005056c00008 <<<-----<<
2023-06-03 06:57:58,158 INFO root MainThread : Started
2023-06-03 06:57:58,169 INFO waitress MainThread : Serving on http://0.0.0.0:5001
2023-06-03 06:57:59,679 INFO root waitress-0 : /validateImage....
2023-06-03 06:57:59,680 INFO root waitress-0 : >>----->>> START:UUID:=e028ac38-01ad-11ee-91e1-005056c00008 <<<-----<<
2023-06-03 06:57:59,680 INFO root waitress-0 : process_image:image_file_path=D:/Projects/py-ValidateImageAPI/static/images/Without signature -4.jpg img_type=sign
2023-06-03 06:57:59,681 INFO root waitress-0 : validate_input_file:isfile=True isurl=False
2023-06-03 06:57:59,681 INFO root waitress-0 : validate_input_file2:isfile=True isurl=False
2023-06-03 06:57:59,708 INFO root waitress-0 : sign:Actual sign Dim=height=670 width=966
2023-06-03 06:57:59,708 INFO root waitress-0 : sign:Required sign Dim=height=2400 width=2400
2023-06-03 06:58:00,512 INFO root waitress-0 : _isblur1_=false isvalidface=false
2023-06-03 06:58:00,512 INFO root waitress-0 : >>----->>> END:UUID:=e028ac38-01ad-11ee-91e1-005056c00008 <<<-----<<
2023-06-03 06:58:32,472 INFO root MainThread : Started
2023-06-03 06:58:32,481 INFO waitress MainThread : Serving on http://0.0.0.0:5001
2023-06-03 06:58:34,819 INFO root waitress-0 : /validateImage....
2023-06-03 06:58:34,820 INFO root waitress-0 : >>----->>> START:UUID:=f51ac5ab-01ad-11ee-8417-005056c00008 <<<-----<<
2023-06-03 06:58:34,821 INFO root waitress-0 : process_image:image_file_path=D:/Projects/py-ValidateImageAPI/static/images/Without signature -4.jpg img_type=sign
2023-06-03 06:58:34,821 INFO root waitress-0 : validate_input_file:isfile=True isurl=False
2023-06-03 06:58:34,822 INFO root waitress-0 : validate_input_file2:isfile=True isurl=False
2023-06-03 06:58:34,843 INFO root waitress-0 : sign:Actual sign Dim=height=670 width=966
2023-06-03 06:58:34,844 INFO root waitress-0 : sign:Required sign Dim=height=2400 width=2400
2023-06-03 06:58:35,571 INFO root waitress-0 : _isblur1_=false isvalidface=true
2023-06-03 06:58:35,572 INFO root waitress-0 : >>----->>> END:UUID:=f51ac5ab-01ad-11ee-8417-005056c00008 <<<-----<<
2023-06-03 07:00:16,160 INFO root waitress-1 : /validateImage....
2023-06-03 07:00:16,161 INFO root waitress-1 : >>----->>> START:UUID:=3182387d-01ae-11ee-bc5b-005056c00008 <<<-----<<
2023-06-03 07:00:16,162 INFO root waitress-1 : process_image:image_file_path=D:/Projects/py-ValidateImageAPI/static/images/Without signature -2.jpg img_type=sign
2023-06-03 07:00:16,162 INFO root waitress-1 : validate_input_file:isfile=True isurl=False
2023-06-03 07:00:16,162 INFO root waitress-1 : validate_input_file2:isfile=True isurl=False
2023-06-03 07:00:16,178 INFO root waitress-1 : sign:Actual sign Dim=height=626 width=690
2023-06-03 07:00:16,179 INFO root waitress-1 : sign:Required sign Dim=height=2400 width=2400
2023-06-03 07:00:16,705 INFO root waitress-1 : _isblur1_=false isvalidface=false
2023-06-03 07:00:16,705 INFO root waitress-1 : >>----->>> END:UUID:=3182387d-01ae-11ee-bc5b-005056c00008 <<<-----<<
2023-06-03 07:00:31,397 INFO root waitress-2 : /validateImage....
2023-06-03 07:00:31,398 INFO root waitress-2 : >>----->>> START:UUID:=3a9717e8-01ae-11ee-b0af-005056c00008 <<<-----<<
2023-06-03 07:00:31,399 INFO root waitress-2 : process_image:image_file_path=D:/Projects/py-ValidateImageAPI/static/images/IMG-20230520-WA0004.jpg img_type=sign
2023-06-03 07:00:31,399 INFO root waitress-2 : validate_input_file:isfile=True isurl=False
2023-06-03 07:00:31,399 INFO root waitress-2 : validate_input_file2:isfile=True isurl=False
2023-06-03 07:00:31,410 INFO root waitress-2 : sign:Actual sign Dim=height=431 width=800
2023-06-03 07:00:31,411 INFO root waitress-2 : sign:Required sign Dim=height=2400 width=2400
2023-06-03 07:00:31,747 INFO root waitress-2 : _isblur1_=false isvalidface=false
2023-06-03 07:00:31,748 INFO root waitress-2 : >>----->>> END:UUID:=3a9717e8-01ae-11ee-b0af-005056c00008 <<<-----<<
2023-06-03 07:00:50,701 INFO root waitress-3 : /validateImage....
2023-06-03 07:00:50,702 INFO root waitress-3 : >>----->>> START:UUID:=4618b684-01ae-11ee-8dcd-005056c00008 <<<-----<<
2023-06-03 07:00:50,703 INFO root waitress-3 : process_image:image_file_path=D:/Projects/py-ValidateImageAPI/static/images/IMG-20230520-WA0002.jpg img_type=sign
2023-06-03 07:00:50,703 INFO root waitress-3 : validate_input_file:isfile=True isurl=False
2023-06-03 07:00:50,703 INFO root waitress-3 : validate_input_file2:isfile=True isurl=False
2023-06-03 07:00:50,719 INFO root waitress-3 : sign:Actual sign Dim=height=237 width=766
2023-06-03 07:00:50,719 INFO root waitress-3 : sign:Required sign Dim=height=2400 width=2400
2023-06-03 07:00:50,910 INFO root waitress-3 : _isblur1_=false isvalidface=true
2023-06-03 07:00:50,910 INFO root waitress-3 : >>----->>> END:UUID:=4618b684-01ae-11ee-8dcd-005056c00008 <<<-----<<
2023-06-03 07:01:35,370 INFO root waitress-0 : /validateImage....
2023-06-03 07:01:35,370 INFO root waitress-0 : >>----->>> START:UUID:=60b88a2a-01ae-11ee-96eb-005056c00008 <<<-----<<
2023-06-03 07:01:35,371 INFO root waitress-0 : process_image:image_file_path=D:/Projects/py-ValidateImageAPI/static/images/3113347090.jpg img_type=sign
2023-06-03 07:01:35,371 INFO root waitress-0 : validate_input_file:isfile=True isurl=False
2023-06-03 07:01:35,371 INFO root waitress-0 : validate_input_file2:isfile=True isurl=False
2023-06-03 07:01:35,376 DEBUG PIL.TiffImagePlugin waitress-0 : tag: Orientation (274) - type: short (3) - value: b'\x00\x01'
2023-06-03 07:01:35,377 DEBUG PIL.TiffImagePlugin waitress-0 : tag: XResolution (282) - type: rational (5) Tag Location: 34 - Data Location: 74 - value: b'\x00\x00\x00\x01\x00\x00\x00\x01'
2023-06-03 07:01:35,377 DEBUG PIL.TiffImagePlugin waitress-0 : tag: YResolution (283) - type: rational (5) Tag Location: 46 - Data Location: 82 - value: b'\x00\x00\x00\x01\x00\x00\x00\x01'
2023-06-03 07:01:35,377 DEBUG PIL.TiffImagePlugin waitress-0 : tag: ResolutionUnit (296) - type: short (3) - value: b'\x00\x02'
2023-06-03 07:01:35,378 DEBUG PIL.TiffImagePlugin waitress-0 : tag: YCbCrPositioning (531) - type: short (3) - value: b'\x00\x01'
2023-06-03 07:01:35,378 INFO root waitress-0 : sign:Actual sign Dim=height=46 width=29
2023-06-03 07:01:35,378 INFO root waitress-0 : sign:Required sign Dim=height=2400 width=2400
2023-06-03 07:01:35,388 DEBUG PIL.TiffImagePlugin waitress-0 : tag: Orientation (274) - type: short (3) - value: b'\x00\x01'
2023-06-03 07:01:35,389 DEBUG PIL.TiffImagePlugin waitress-0 : tag: XResolution (282) - type: rational (5) Tag Location: 34 - Data Location: 74 - value: b'\x00\x00\x00\x01\x00\x00\x00\x01'
2023-06-03 07:01:35,389 DEBUG PIL.TiffImagePlugin waitress-0 : tag: YResolution (283) - type: rational (5) Tag Location: 46 - Data Location: 82 - value: b'\x00\x00\x00\x01\x00\x00\x00\x01'
2023-06-03 07:01:35,389 DEBUG PIL.TiffImagePlugin waitress-0 : tag: ResolutionUnit (296) - type: short (3) - value: b'\x00\x02'
2023-06-03 07:01:35,389 DEBUG PIL.TiffImagePlugin waitress-0 : tag: YCbCrPositioning (531) - type: short (3) - value: b'\x00\x01'
2023-06-03 07:01:35,391 INFO root waitress-0 : _isblur1_=false isvalidface=false
2023-06-03 07:01:35,391 INFO root waitress-0 : >>----->>> END:UUID:=60b88a2a-01ae-11ee-96eb-005056c00008 <<<-----<<
2023-06-03 07:02:46,325 INFO root waitress-1 : /validateImage....
2023-06-03 07:02:46,325 INFO root waitress-1 : >>----->>> START:UUID:=8b034a5b-01ae-11ee-a9b5-005056c00008 <<<-----<<
2023-06-03 07:02:46,326 INFO root waitress-1 : process_image:image_file_path=D:/Projects/py-ValidateImageAPI/static/images/3110166357.jpg img_type=sign
2023-06-03 07:02:46,326 INFO root waitress-1 : validate_input_file:isfile=True isurl=False
2023-06-03 07:02:46,327 INFO root waitress-1 : validate_input_file2:isfile=True isurl=False
2023-06-03 07:02:46,340 DEBUG PIL.TiffImagePlugin waitress-1 : tag: Make (271) - type: string (2) Tag Location: 22 - Data Location: 2170 - value: b'SONY\x00'
2023-06-03 07:02:46,341 DEBUG PIL.TiffImagePlugin waitress-1 : tag: Model (272) - type: string (2) Tag Location: 34 - Data Location: 2176 - value: b'Xperia M2\x00'
2023-06-03 07:02:46,341 DEBUG PIL.TiffImagePlugin waitress-1 : tag: Orientation (274) - type: short (3) - value: b'\x00\x06'
2023-06-03 07:02:46,341 DEBUG PIL.TiffImagePlugin waitress-1 : tag: Software (305) - type: string (2) Tag Location: 58 - Data Location: 2186 - value: b'Auto\x00'
2023-06-03 07:02:46,342 DEBUG PIL.TiffImagePlugin waitress-1 : tag: DateTime (306) - type: string (2) Tag Location: 70 - Data Location: 2192 - value: b'2015:06:24 15:10:50\x00'
2023-06-03 07:02:46,342 DEBUG PIL.TiffImagePlugin waitress-1 : tag: YCbCrPositioning (531) - type: short (3) - value: b'\x00\x01'
2023-06-03 07:02:46,342 DEBUG PIL.TiffImagePlugin waitress-1 : tag: ExifIFD (34665) - type: long (4) - value: b'\x00\x00\x08\xa4'
2023-06-03 07:02:46,343 DEBUG PIL.TiffImagePlugin waitress-1 : tag: unknown (59932) - type: undefined (7) Tag Location: 106 - Data Location: 110 - value: <table: 2060 bytes>
2023-06-03 07:02:46,344 INFO root waitress-1 : sign:Actual sign Dim=height=443 width=178
2023-06-03 07:02:46,344 INFO root waitress-1 : sign:Required sign Dim=height=2400 width=2400
2023-06-03 07:02:46,462 DEBUG PIL.TiffImagePlugin waitress-1 : tag: Make (271) - type: string (2) Tag Location: 22 - Data Location: 2170 - value: b'SONY\x00'
2023-06-03 07:02:46,462 DEBUG PIL.TiffImagePlugin waitress-1 : tag: Model (272) - type: string (2) Tag Location: 34 - Data Location: 2176 - value: b'Xperia M2\x00'
2023-06-03 07:02:46,463 DEBUG PIL.TiffImagePlugin waitress-1 : tag: Orientation (274) - type: short (3) - value: b'\x00\x06'
2023-06-03 07:02:46,463 DEBUG PIL.TiffImagePlugin waitress-1 : tag: Software (305) - type: string (2) Tag Location: 58 - Data Location: 2186 - value: b'Auto\x00'
2023-06-03 07:02:46,463 DEBUG PIL.TiffImagePlugin waitress-1 : tag: DateTime (306) - type: string (2) Tag Location: 70 - Data Location: 2192 - value: b'2015:06:24 15:10:50\x00'
2023-06-03 07:02:46,464 DEBUG PIL.TiffImagePlugin waitress-1 : tag: YCbCrPositioning (531) - type: short (3) - value: b'\x00\x01'
2023-06-03 07:02:46,464 DEBUG PIL.TiffImagePlugin waitress-1 : tag: ExifIFD (34665) - type: long (4) - value: b'\x00\x00\x08\xa4'
2023-06-03 07:02:46,464 DEBUG PIL.TiffImagePlugin waitress-1 : tag: unknown (59932) - type: undefined (7) Tag Location: 106 - Data Location: 110 - value: <table: 2060 bytes>
2023-06-03 07:02:46,465 INFO root waitress-1 : _isblur1_=false isvalidface=false
2023-06-03 07:02:46,465 INFO root waitress-1 : >>----->>> END:UUID:=8b034a5b-01ae-11ee-a9b5-005056c00008 <<<-----<<
2023-06-03 07:03:04,222 INFO root waitress-2 : /validateImage....
2023-06-03 07:03:04,222 INFO root waitress-2 : >>----->>> START:UUID:=95ae3d2e-01ae-11ee-9001-005056c00008 <<<-----<<
2023-06-03 07:03:04,223 INFO root waitress-2 : process_image:image_file_path=D:/Projects/py-ValidateImageAPI/static/images/3110166357.jpg img_type=sign
2023-06-03 07:03:04,224 INFO root waitress-2 : validate_input_file:isfile=True isurl=False
2023-06-03 07:03:04,224 INFO root waitress-2 : validate_input_file2:isfile=True isurl=False
2023-06-03 07:03:04,228 DEBUG PIL.TiffImagePlugin waitress-2 : tag: Make (271) - type: string (2) Tag Location: 22 - Data Location: 2170 - value: b'SONY\x00'
2023-06-03 07:03:04,228 DEBUG PIL.TiffImagePlugin waitress-2 : tag: Model (272) - type: string (2) Tag Location: 34 - Data Location: 2176 - value: b'Xperia M2\x00'
2023-06-03 07:03:04,229 DEBUG PIL.TiffImagePlugin waitress-2 : tag: Orientation (274) - type: short (3) - value: b'\x00\x06'
2023-06-03 07:03:04,229 DEBUG PIL.TiffImagePlugin waitress-2 : tag: Software (305) - type: string (2) Tag Location: 58 - Data Location: 2186 - value: b'Auto\x00'
2023-06-03 07:03:04,229 DEBUG PIL.TiffImagePlugin waitress-2 : tag: DateTime (306) - type: string (2) Tag Location: 70 - Data Location: 2192 - value: b'2015:06:24 15:10:50\x00'
2023-06-03 07:03:04,231 DEBUG PIL.TiffImagePlugin waitress-2 : tag: YCbCrPositioning (531) - type: short (3) - value: b'\x00\x01'
2023-06-03 07:03:04,231 DEBUG PIL.TiffImagePlugin waitress-2 : tag: ExifIFD (34665) - type: long (4) - value: b'\x00\x00\x08\xa4'
2023-06-03 07:03:04,231 DEBUG PIL.TiffImagePlugin waitress-2 : tag: unknown (59932) - type: undefined (7) Tag Location: 106 - Data Location: 110 - value: <table: 2060 bytes>
2023-06-03 07:03:04,232 INFO root waitress-2 : sign:Actual sign Dim=height=443 width=178
2023-06-03 07:03:04,232 INFO root waitress-2 : sign:Required sign Dim=height=2400 width=2400
2023-06-03 07:03:04,355 DEBUG PIL.TiffImagePlugin waitress-2 : tag: Make (271) - type: string (2) Tag Location: 22 - Data Location: 2170 - value: b'SONY\x00'
2023-06-03 07:03:04,356 DEBUG PIL.TiffImagePlugin waitress-2 : tag: Model (272) - type: string (2) Tag Location: 34 - Data Location: 2176 - value: b'Xperia M2\x00'
2023-06-03 07:03:04,356 DEBUG PIL.TiffImagePlugin waitress-2 : tag: Orientation (274) - type: short (3) - value: b'\x00\x06'
2023-06-03 07:03:04,357 DEBUG PIL.TiffImagePlugin waitress-2 : tag: Software (305) - type: string (2) Tag Location: 58 - Data Location: 2186 - value: b'Auto\x00'
2023-06-03 07:03:04,357 DEBUG PIL.TiffImagePlugin waitress-2 : tag: DateTime (306) - type: string (2) Tag Location: 70 - Data Location: 2192 - value: b'2015:06:24 15:10:50\x00'
2023-06-03 07:03:04,358 DEBUG PIL.TiffImagePlugin waitress-2 : tag: YCbCrPositioning (531) - type: short (3) - value: b'\x00\x01'
2023-06-03 07:03:04,358 DEBUG PIL.TiffImagePlugin waitress-2 : tag: ExifIFD (34665) - type: long (4) - value: b'\x00\x00\x08\xa4'
2023-06-03 07:03:04,359 DEBUG PIL.TiffImagePlugin waitress-2 : tag: unknown (59932) - type: undefined (7) Tag Location: 106 - Data Location: 110 - value: <table: 2060 bytes>
2023-06-03 07:03:04,359 INFO root waitress-2 : _isblur1_=false isvalidface=false
2023-06-03 07:03:04,360 INFO root waitress-2 : >>----->>> END:UUID:=95ae3d2e-01ae-11ee-9001-005056c00008 <<<-----<<
2023-06-03 07:03:24,459 INFO root MainThread : Started
2023-06-03 07:03:24,468 INFO waitress MainThread : Serving on http://0.0.0.0:5001
2023-06-03 07:03:26,530 INFO root waitress-0 : /validateImage....
2023-06-03 07:03:26,531 INFO root waitress-0 : >>----->>> START:UUID:=a2fa560a-01ae-11ee-afc1-005056c00008 <<<-----<<
2023-06-03 07:03:26,532 INFO root waitress-0 : process_image:image_file_path=D:/Projects/py-ValidateImageAPI/static/images/3110166357.jpg img_type=sign
2023-06-03 07:03:26,532 INFO root waitress-0 : validate_input_file:isfile=True isurl=False
2023-06-03 07:03:26,533 INFO root waitress-0 : validate_input_file2:isfile=True isurl=False
2023-06-03 07:03:26,545 DEBUG PIL.TiffImagePlugin waitress-0 : tag: Make (271) - type: string (2) Tag Location: 22 - Data Location: 2170 - value: b'SONY\x00'
2023-06-03 07:03:26,546 DEBUG PIL.TiffImagePlugin waitress-0 : tag: Model (272) - type: string (2) Tag Location: 34 - Data Location: 2176 - value: b'Xperia M2\x00'
2023-06-03 07:03:26,546 DEBUG PIL.TiffImagePlugin waitress-0 : tag: Orientation (274) - type: short (3) - value: b'\x00\x06'
2023-06-03 07:03:26,546 DEBUG PIL.TiffImagePlugin waitress-0 : tag: Software (305) - type: string (2) Tag Location: 58 - Data Location: 2186 - value: b'Auto\x00'
2023-06-03 07:03:26,547 DEBUG PIL.TiffImagePlugin waitress-0 : tag: DateTime (306) - type: string (2) Tag Location: 70 - Data Location: 2192 - value: b'2015:06:24 15:10:50\x00'
2023-06-03 07:03:26,547 DEBUG PIL.TiffImagePlugin waitress-0 : tag: YCbCrPositioning (531) - type: short (3) - value: b'\x00\x01'
2023-06-03 07:03:26,548 DEBUG PIL.TiffImagePlugin waitress-0 : tag: ExifIFD (34665) - type: long (4) - value: b'\x00\x00\x08\xa4'
2023-06-03 07:03:26,548 DEBUG PIL.TiffImagePlugin waitress-0 : tag: unknown (59932) - type: undefined (7) Tag Location: 106 - Data Location: 110 - value: <table: 2060 bytes>
2023-06-03 07:03:26,549 INFO root waitress-0 : sign:Actual sign Dim=height=443 width=178
2023-06-03 07:03:26,549 INFO root waitress-0 : sign:Requir sign Dim=height=2400 width=2400
2023-06-03 07:03:26,679 DEBUG PIL.TiffImagePlugin waitress-0 : tag: Make (271) - type: string (2) Tag Location: 22 - Data Location: 2170 - value: b'SONY\x00'
2023-06-03 07:03:26,679 DEBUG PIL.TiffImagePlugin waitress-0 : tag: Model (272) - type: string (2) Tag Location: 34 - Data Location: 2176 - value: b'Xperia M2\x00'
2023-06-03 07:03:26,680 DEBUG PIL.TiffImagePlugin waitress-0 : tag: Orientation (274) - type: short (3) - value: b'\x00\x06'
2023-06-03 07:03:26,680 DEBUG PIL.TiffImagePlugin waitress-0 : tag: Software (305) - type: string (2) Tag Location: 58 - Data Location: 2186 - value: b'Auto\x00'
2023-06-03 07:03:26,680 DEBUG PIL.TiffImagePlugin waitress-0 : tag: DateTime (306) - type: string (2) Tag Location: 70 - Data Location: 2192 - value: b'2015:06:24 15:10:50\x00'
2023-06-03 07:03:26,681 DEBUG PIL.TiffImagePlugin waitress-0 : tag: YCbCrPositioning (531) - type: short (3) - value: b'\x00\x01'
2023-06-03 07:03:26,681 DEBUG PIL.TiffImagePlugin waitress-0 : tag: ExifIFD (34665) - type: long (4) - value: b'\x00\x00\x08\xa4'
2023-06-03 07:03:26,681 DEBUG PIL.TiffImagePlugin waitress-0 : tag: unknown (59932) - type: undefined (7) Tag Location: 106 - Data Location: 110 - value: <table: 2060 bytes>
2023-06-03 07:03:26,682 INFO root waitress-0 : _isblur1_=false isvalidface=false
2023-06-03 07:03:26,683 INFO root waitress-0 : >>----->>> END:UUID:=a2fa560a-01ae-11ee-afc1-005056c00008 <<<-----<<
2023-06-03 07:03:43,168 INFO root waitress-1 : /validateImage....
2023-06-03 07:03:43,168 INFO root waitress-1 : >>----->>> START:UUID:=ace4db54-01ae-11ee-87ba-005056c00008 <<<-----<<
2023-06-03 07:03:43,169 INFO root waitress-1 : process_image:image_file_path=D:/Projects/py-ValidateImageAPI/static/images/3113063610.jpg img_type=sign
2023-06-03 07:03:43,169 INFO root waitress-1 : validate_input_file:isfile=True isurl=False
2023-06-03 07:03:43,169 INFO root waitress-1 : validate_input_file2:isfile=True isurl=False
2023-06-03 07:03:43,181 INFO root waitress-1 : sign:Actual sign Dim=height=399 width=184
2023-06-03 07:03:43,182 INFO root waitress-1 : sign:Requir sign Dim=height=2400 width=2400
2023-06-03 07:03:43,253 INFO root waitress-1 : _isblur1_=false isvalidface=false
2023-06-03 07:03:43,254 INFO root waitress-1 : >>----->>> END:UUID:=ace4db54-01ae-11ee-87ba-005056c00008 <<<-----<<
2023-06-03 07:04:34,197 INFO root waitress-2 : /validateImage....
2023-06-03 07:04:34,198 INFO root waitress-2 : >>----->>> START:UUID:=cb4f7cf0-01ae-11ee-97c5-005056c00008 <<<-----<<
2023-06-03 07:04:34,199 INFO root waitress-2 : process_image:image_file_path=D:/Projects/py-ValidateImageAPI/static/images/3113352803.jpg img_type=sign
2023-06-03 07:04:34,199 INFO root waitress-2 : validate_input_file:isfile=True isurl=False
2023-06-03 07:04:34,199 INFO root waitress-2 : validate_input_file2:isfile=True isurl=False
2023-06-03 07:04:34,201 INFO root waitress-2 : sign:Actual sign Dim=height=204 width=80
2023-06-03 07:04:34,203 INFO root waitress-2 : sign:Requir sign Dim=height=2400 width=2400
2023-06-03 07:04:34,225 INFO root waitress-2 : _isblur1_=false isvalidface=false
2023-06-03 07:04:34,226 INFO root waitress-2 : >>----->>> END:UUID:=cb4f7cf0-01ae-11ee-97c5-005056c00008 <<<-----<<
2023-06-03 07:06:01,872 INFO root MainThread : Started
2023-06-03 07:06:01,885 INFO waitress MainThread : Serving on http://0.0.0.0:5001
2023-06-03 07:06:03,122 INFO root waitress-0 : /validateImage....
2023-06-03 07:06:03,123 INFO root waitress-0 : >>----->>> START:UUID:=0050659c-01af-11ee-b6b9-005056c00008 <<<-----<<
2023-06-03 07:06:03,124 INFO root waitress-0 : process_image:image_file_path=D:/Projects/py-ValidateImageAPI/static/images/3113352803.jpg img_type=sign
2023-06-03 07:06:03,125 INFO root waitress-0 : validate_input_file:isfile=True isurl=False
2023-06-03 07:06:03,125 INFO root waitress-0 : validate_input_file2:isfile=True isurl=False
2023-06-03 07:06:03,131 INFO root waitress-0 : sign:Actual sign Dim=height=204 width=80
2023-06-03 07:06:03,132 INFO root waitress-0 : sign:Requir sign Dim=height=2400 width=2400
2023-06-03 07:06:03,162 INFO root waitress-0 : _isblur1_=false isvalidface=false
2023-06-03 07:06:03,163 INFO root waitress-0 : >>----->>> END:UUID:=0050659c-01af-11ee-b6b9-005056c00008 <<<-----<<
2023-06-03 07:06:13,517 INFO root waitress-1 : /validateImage....
2023-06-03 07:06:13,517 INFO root waitress-1 : >>----->>> START:UUID:=068262eb-01af-11ee-a57d-005056c00008 <<<-----<<
2023-06-03 07:06:13,518 INFO root waitress-1 : process_image:image_file_path=D:/Projects/py-ValidateImageAPI/static/images/3113063610.jpg img_type=sign
2023-06-03 07:06:13,518 INFO root waitress-1 : validate_input_file:isfile=True isurl=False
2023-06-03 07:06:13,519 INFO root waitress-1 : validate_input_file2:isfile=True isurl=False
2023-06-03 07:06:13,523 INFO root waitress-1 : sign:Actual sign Dim=height=399 width=184
2023-06-03 07:06:13,523 INFO root waitress-1 : sign:Requir sign Dim=height=2400 width=2400
2023-06-03 07:06:13,588 INFO root waitress-1 : _isblur1_=false isvalidface=false
2023-06-03 07:06:13,588 INFO root waitress-1 : >>----->>> END:UUID:=068262eb-01af-11ee-a57d-005056c00008 <<<-----<<
2023-06-03 07:07:13,215 INFO root waitress-2 : /validateImage....
2023-06-03 07:07:13,216 INFO root waitress-2 : >>----->>> START:UUID:=2a17b2b3-01af-11ee-911f-005056c00008 <<<-----<<
2023-06-03 07:07:13,217 INFO root waitress-2 : process_image:image_file_path=D:/Projects/py-ValidateImageAPI/static/images/3113348616.jpg img_type=sign
2023-06-03 07:07:13,217 INFO root waitress-2 : validate_input_file:isfile=True isurl=False
2023-06-03 07:07:13,218 INFO root waitress-2 : validate_input_file2:isfile=True isurl=False
2023-06-03 07:07:13,220 DEBUG PIL.PngImagePlugin waitress-2 : STREAM b'IHDR' 16 13
2023-06-03 07:07:13,220 DEBUG PIL.PngImagePlugin waitress-2 : STREAM b'sRGB' 41 1
2023-06-03 07:07:13,220 DEBUG PIL.PngImagePlugin waitress-2 : STREAM b'gAMA' 54 4
2023-06-03 07:07:13,221 DEBUG PIL.PngImagePlugin waitress-2 : STREAM b'pHYs' 70 9
2023-06-03 07:07:13,221 DEBUG PIL.PngImagePlugin waitress-2 : STREAM b'IDAT' 91 2671
2023-06-03 07:07:13,223 INFO root waitress-2 : sign:Actual sign Dim=height=96 width=216
2023-06-03 07:07:13,224 INFO root waitress-2 : sign:Requir sign Dim=height=2400 width=2400
2023-06-03 07:07:13,231 DEBUG PIL.PngImagePlugin waitress-2 : STREAM b'IHDR' 16 13
2023-06-03 07:07:13,232 DEBUG PIL.PngImagePlugin waitress-2 : STREAM b'sRGB' 41 1
2023-06-03 07:07:13,232 DEBUG PIL.PngImagePlugin waitress-2 : STREAM b'gAMA' 54 4
2023-06-03 07:07:13,233 DEBUG PIL.PngImagePlugin waitress-2 : STREAM b'pHYs' 70 9
2023-06-03 07:07:13,233 DEBUG PIL.PngImagePlugin waitress-2 : STREAM b'IDAT' 91 2671
2023-06-03 07:07:13,245 DEBUG PIL.PngImagePlugin waitress-2 : STREAM b'IHDR' 16 13
2023-06-03 07:07:13,245 DEBUG PIL.PngImagePlugin waitress-2 : STREAM b'sRGB' 41 1
2023-06-03 07:07:13,246 DEBUG PIL.PngImagePlugin waitress-2 : STREAM b'gAMA' 54 4
2023-06-03 07:07:13,246 DEBUG PIL.PngImagePlugin waitress-2 : STREAM b'pHYs' 70 9
2023-06-03 07:07:13,247 DEBUG PIL.PngImagePlugin waitress-2 : STREAM b'IDAT' 91 2671
2023-06-03 07:07:13,247 INFO root waitress-2 : _isblur1_=false isvalidface=false
2023-06-03 07:07:13,248 INFO root waitress-2 : >>----->>> END:UUID:=2a17b2b3-01af-11ee-911f-005056c00008 <<<-----<<
2023-06-03 07:07:33,903 INFO root waitress-3 : /validateImage....
2023-06-03 07:07:33,904 INFO root waitress-3 : >>----->>> START:UUID:=366c66f6-01af-11ee-8343-005056c00008 <<<-----<<
2023-06-03 07:07:33,905 INFO root waitress-3 : process_image:image_file_path=D:/Projects/py-ValidateImageAPI/static/images/3113352803.jpg img_type=sign
2023-06-03 07:07:33,905 INFO root waitress-3 : validate_input_file:isfile=True isurl=False
2023-06-03 07:07:33,905 INFO root waitress-3 : validate_input_file2:isfile=True isurl=False
2023-06-03 07:07:33,907 INFO root waitress-3 : sign:Actual sign Dim=height=204 width=80
2023-06-03 07:07:33,908 INFO root waitress-3 : sign:Requir sign Dim=height=2400 width=2400
2023-06-03 07:07:33,928 INFO root waitress-3 : _isblur1_=false isvalidface=false
2023-06-03 07:07:33,929 INFO root waitress-3 : >>----->>> END:UUID:=366c66f6-01af-11ee-8343-005056c00008 <<<-----<<
2023-06-03 07:08:17,794 INFO root waitress-0 : /validateImage....
2023-06-03 07:08:17,796 INFO root waitress-0 : >>----->>> START:UUID:=5095e738-01af-11ee-b3b6-005056c00008 <<<-----<<
2023-06-03 07:08:17,799 INFO root waitress-0 : process_image:image_file_path=D:/Projects/py-ValidateImageAPI/static/images/3113344165.jpg img_type=sign
2023-06-03 07:08:17,800 INFO root waitress-0 : validate_input_file:isfile=False isurl=False
2023-06-03 07:08:17,801 INFO root waitress-0 : validate_input_file2:isfile=False isurl=False
2023-06-03 07:08:17,802 INFO root waitress-0 : >>----->>> END:UUID:=5095e738-01af-11ee-b3b6-005056c00008 <<<-----<<
2023-06-03 07:08:33,450 INFO root waitress-1 : /validateImage....
2023-06-03 07:08:33,451 INFO root waitress-1 : >>----->>> START:UUID:=59eaa6e4-01af-11ee-9e76-005056c00008 <<<-----<<
2023-06-03 07:08:33,454 INFO root waitress-1 : process_image:image_file_path=D:/Projects/py-ValidateImageAPI/static/images/3113344165.jpg img_type=sign
2023-06-03 07:08:33,455 INFO root waitress-1 : validate_input_file:isfile=True isurl=False
2023-06-03 07:08:33,456 INFO root waitress-1 : validate_input_file2:isfile=True isurl=False
2023-06-03 07:08:33,505 INFO root waitress-1 : sign:Actual sign Dim=height=450 width=1000
2023-06-03 07:08:33,506 INFO root waitress-1 : sign:Requir sign Dim=height=2400 width=2400
2023-06-03 07:08:34,458 INFO root waitress-1 : _isblur1_=false isvalidface=false
2023-06-03 07:08:34,460 INFO root waitress-1 : >>----->>> END:UUID:=59eaa6e4-01af-11ee-9e76-005056c00008 <<<-----<<
2023-06-03 07:08:49,230 INFO root waitress-2 : /validateImage....
2023-06-03 07:08:49,231 INFO root waitress-2 : >>----->>> START:UUID:=635273a4-01af-11ee-a118-005056c00008 <<<-----<<
2023-06-03 07:08:49,233 INFO root waitress-2 : process_image:image_file_path=D:/Projects/py-ValidateImageAPI/static/images/3110166357.jpg img_type=sign
2023-06-03 07:08:49,234 INFO root waitress-2 : validate_input_file:isfile=True isurl=False
2023-06-03 07:08:49,235 INFO root waitress-2 : validate_input_file2:isfile=True isurl=False
2023-06-03 07:08:49,251 DEBUG PIL.TiffImagePlugin waitress-2 : tag: Make (271) - type: string (2) Tag Location: 22 - Data Location: 2170 - value: b'SONY\x00'
2023-06-03 07:08:49,252 DEBUG PIL.TiffImagePlugin waitress-2 : tag: Model (272) - type: string (2) Tag Location: 34 - Data Location: 2176 - value: b'Xperia M2\x00'
2023-06-03 07:08:49,254 DEBUG PIL.TiffImagePlugin waitress-2 : tag: Orientation (274) - type: short (3) - value: b'\x00\x06'
2023-06-03 07:08:49,255 DEBUG PIL.TiffImagePlugin waitress-2 : tag: Software (305) - type: string (2) Tag Location: 58 - Data Location: 2186 - value: b'Auto\x00'
2023-06-03 07:08:49,256 DEBUG PIL.TiffImagePlugin waitress-2 : tag: DateTime (306) - type: string (2) Tag Location: 70 - Data Location: 2192 - value: b'2015:06:24 15:10:50\x00'
2023-06-03 07:08:49,257 DEBUG PIL.TiffImagePlugin waitress-2 : tag: YCbCrPositioning (531) - type: short (3) - value: b'\x00\x01'
2023-06-03 07:08:49,258 DEBUG PIL.TiffImagePlugin waitress-2 : tag: ExifIFD (34665) - type: long (4) - value: b'\x00\x00\x08\xa4'
2023-06-03 07:08:49,260 DEBUG PIL.TiffImagePlugin waitress-2 : tag: unknown (59932) - type: undefined (7) Tag Location: 106 - Data Location: 110 - value: <table: 2060 bytes>
2023-06-03 07:08:49,261 INFO root waitress-2 : sign:Actual sign Dim=height=443 width=178
2023-06-03 07:08:49,262 INFO root waitress-2 : sign:Requir sign Dim=height=2400 width=2400
2023-06-03 07:08:49,601 DEBUG PIL.TiffImagePlugin waitress-2 : tag: Make (271) - type: string (2) Tag Location: 22 - Data Location: 2170 - value: b'SONY\x00'
2023-06-03 07:08:49,602 DEBUG PIL.TiffImagePlugin waitress-2 : tag: Model (272) - type: string (2) Tag Location: 34 - Data Location: 2176 - value: b'Xperia M2\x00'
2023-06-03 07:08:49,603 DEBUG PIL.TiffImagePlugin waitress-2 : tag: Orientation (274) - type: short (3) - value: b'\x00\x06'
2023-06-03 07:08:49,604 DEBUG PIL.TiffImagePlugin waitress-2 : tag: Software (305) - type: string (2) Tag Location: 58 - Data Location: 2186 - value: b'Auto\x00'
2023-06-03 07:08:49,605 DEBUG PIL.TiffImagePlugin waitress-2 : tag: DateTime (306) - type: string (2) Tag Location: 70 - Data Location: 2192 - value: b'2015:06:24 15:10:50\x00'
2023-06-03 07:08:49,606 DEBUG PIL.TiffImagePlugin waitress-2 : tag: YCbCrPositioning (531) - type: short (3) - value: b'\x00\x01'
2023-06-03 07:08:49,606 DEBUG PIL.TiffImagePlugin waitress-2 : tag: ExifIFD (34665) - type: long (4) - value: b'\x00\x00\x08\xa4'
2023-06-03 07:08:49,607 DEBUG PIL.TiffImagePlugin waitress-2 : tag: unknown (59932) - type: undefined (7) Tag Location: 106 - Data Location: 110 - value: <table: 2060 bytes>
2023-06-03 07:08:49,610 INFO root waitress-2 : _isblur1_=false isvalidface=false
2023-06-03 07:08:49,611 INFO root waitress-2 : >>----->>> END:UUID:=635273a4-01af-11ee-a118-005056c00008 <<<-----<<
2023-06-03 07:13:19,854 INFO root waitress-3 : /validateImage....
2023-06-03 07:13:19,855 INFO root waitress-3 : >>----->>> START:UUID:=04a061fc-01b0-11ee-bbbf-005056c00008 <<<-----<<
2023-06-03 07:13:19,857 INFO root waitress-3 : process_image:image_file_path=D:/Projects/py-ValidateImageAPI/static/images/3110166357.jpg img_type=sign
2023-06-03 07:13:19,858 INFO root waitress-3 : validate_input_file:isfile=True isurl=False
2023-06-03 07:13:19,859 INFO root waitress-3 : validate_input_file2:isfile=True isurl=False
2023-06-03 07:13:19,867 DEBUG PIL.TiffImagePlugin waitress-3 : tag: Make (271) - type: string (2) Tag Location: 22 - Data Location: 2170 - value: b'SONY\x00'
2023-06-03 07:13:19,870 DEBUG PIL.TiffImagePlugin waitress-3 : tag: Model (272) - type: string (2) Tag Location: 34 - Data Location: 2176 - value: b'Xperia M2\x00'
2023-06-03 07:13:19,871 DEBUG PIL.TiffImagePlugin waitress-3 : tag: Orientation (274) - type: short (3) - value: b'\x00\x06'
2023-06-03 07:13:19,872 DEBUG PIL.TiffImagePlugin waitress-3 : tag: Software (305) - type: string (2) Tag Location: 58 - Data Location: 2186 - value: b'Auto\x00'
2023-06-03 07:13:19,873 DEBUG PIL.TiffImagePlugin waitress-3 : tag: DateTime (306) - type: string (2) Tag Location: 70 - Data Location: 2192 - value: b'2015:06:24 15:10:50\x00'
2023-06-03 07:13:19,874 DEBUG PIL.TiffImagePlugin waitress-3 : tag: YCbCrPositioning (531) - type: short (3) - value: b'\x00\x01'
2023-06-03 07:13:19,874 DEBUG PIL.TiffImagePlugin waitress-3 : tag: ExifIFD (34665) - type: long (4) - value: b'\x00\x00\x08\xa4'
2023-06-03 07:13:19,875 DEBUG PIL.TiffImagePlugin waitress-3 : tag: unknown (59932) - type: undefined (7) Tag Location: 106 - Data Location: 110 - value: <table: 2060 bytes>
2023-06-03 07:13:19,876 INFO root waitress-3 : sign:Actual sign Dim=height=443 width=178
2023-06-03 07:13:19,877 INFO root waitress-3 : sign:Requir sign Dim=height=2400 width=2400
2023-06-03 07:13:20,280 DEBUG PIL.TiffImagePlugin waitress-3 : tag: Make (271) - type: string (2) Tag Location: 22 - Data Location: 2170 - value: b'SONY\x00'
2023-06-03 07:13:20,282 DEBUG PIL.TiffImagePlugin waitress-3 : tag: Model (272) - type: string (2) Tag Location: 34 - Data Location: 2176 - value: b'Xperia M2\x00'
2023-06-03 07:13:20,283 DEBUG PIL.TiffImagePlugin waitress-3 : tag: Orientation (274) - type: short (3) - value: b'\x00\x06'
2023-06-03 07:13:20,284 DEBUG PIL.TiffImagePlugin waitress-3 : tag: Software (305) - type: string (2) Tag Location: 58 - Data Location: 2186 - value: b'Auto\x00'
2023-06-03 07:13:20,285 DEBUG PIL.TiffImagePlugin waitress-3 : tag: DateTime (306) - type: string (2) Tag Location: 70 - Data Location: 2192 - value: b'2015:06:24 15:10:50\x00'
2023-06-03 07:13:20,286 DEBUG PIL.TiffImagePlugin waitress-3 : tag: YCbCrPositioning (531) - type: short (3) - value: b'\x00\x01'
2023-06-03 07:13:20,286 DEBUG PIL.TiffImagePlugin waitress-3 : tag: ExifIFD (34665) - type: long (4) - value: b'\x00\x00\x08\xa4'
2023-06-03 07:13:20,288 DEBUG PIL.TiffImagePlugin waitress-3 : tag: unknown (59932) - type: undefined (7) Tag Location: 106 - Data Location: 110 - value: <table: 2060 bytes>
2023-06-03 07:13:20,290 INFO root waitress-3 : _isblur1_=false isvalidface=false
2023-06-03 07:13:20,291 INFO root waitress-3 : >>----->>> END:UUID:=04a061fc-01b0-11ee-bbbf-005056c00008 <<<-----<<
2023-06-03 07:16:27,481 INFO root MainThread : Started
2023-06-03 07:16:27,498 INFO waitress MainThread : Serving on http://0.0.0.0:5001
2023-06-03 07:16:28,583 INFO root waitress-0 : /validateImage....
2023-06-03 07:16:28,585 INFO root waitress-0 : >>----->>> START:UUID:=751e2c6e-01b0-11ee-91b8-005056c00008 <<<-----<<
2023-06-03 07:16:28,587 INFO root waitress-0 : process_image:image_file_path=D:/Projects/py-ValidateImageAPI/static/images/3110166357.jpg img_type=sign
2023-06-03 07:16:28,588 INFO root waitress-0 : validate_input_file:isfile=True isurl=False
2023-06-03 07:16:28,589 INFO root waitress-0 : validate_input_file2:isfile=True isurl=False
2023-06-03 07:16:28,609 DEBUG PIL.TiffImagePlugin waitress-0 : tag: Make (271) - type: string (2) Tag Location: 22 - Data Location: 2170 - value: b'SONY\x00'
2023-06-03 07:16:28,615 DEBUG PIL.TiffImagePlugin waitress-0 : tag: Model (272) - type: string (2) Tag Location: 34 - Data Location: 2176 - value: b'Xperia M2\x00'
2023-06-03 07:16:28,615 DEBUG PIL.TiffImagePlugin waitress-0 : tag: Orientation (274) - type: short (3) - value: b'\x00\x06'
2023-06-03 07:16:28,617 DEBUG PIL.TiffImagePlugin waitress-0 : tag: Software (305) - type: string (2) Tag Location: 58 - Data Location: 2186 - value: b'Auto\x00'
2023-06-03 07:16:28,618 DEBUG PIL.TiffImagePlugin waitress-0 : tag: DateTime (306) - type: string (2) Tag Location: 70 - Data Location: 2192 - value: b'2015:06:24 15:10:50\x00'
2023-06-03 07:16:28,619 DEBUG PIL.TiffImagePlugin waitress-0 : tag: YCbCrPositioning (531) - type: short (3) - value: b'\x00\x01'
2023-06-03 07:16:28,621 DEBUG PIL.TiffImagePlugin waitress-0 : tag: ExifIFD (34665) - type: long (4) - value: b'\x00\x00\x08\xa4'
2023-06-03 07:16:28,621 DEBUG PIL.TiffImagePlugin waitress-0 : tag: unknown (59932) - type: undefined (7) Tag Location: 106 - Data Location: 110 - value: <table: 2060 bytes>
2023-06-03 07:16:28,622 INFO root waitress-0 : sign:Actual sign Dim=height=443 width=178
2023-06-03 07:16:28,623 INFO root waitress-0 : sign:Requir sign Dim=height=2400 width=2400
2023-06-03 07:16:28,977 DEBUG PIL.TiffImagePlugin waitress-0 : tag: Make (271) - type: string (2) Tag Location: 22 - Data Location: 2170 - value: b'SONY\x00'
2023-06-03 07:16:28,979 DEBUG PIL.TiffImagePlugin waitress-0 : tag: Model (272) - type: string (2) Tag Location: 34 - Data Location: 2176 - value: b'Xperia M2\x00'
2023-06-03 07:16:28,980 DEBUG PIL.TiffImagePlugin waitress-0 : tag: Orientation (274) - type: short (3) - value: b'\x00\x06'
2023-06-03 07:16:28,981 DEBUG PIL.TiffImagePlugin waitress-0 : tag: Software (305) - type: string (2) Tag Location: 58 - Data Location: 2186 - value: b'Auto\x00'
2023-06-03 07:16:28,982 DEBUG PIL.TiffImagePlugin waitress-0 : tag: DateTime (306) - type: string (2) Tag Location: 70 - Data Location: 2192 - value: b'2015:06:24 15:10:50\x00'
2023-06-03 07:16:28,983 DEBUG PIL.TiffImagePlugin waitress-0 : tag: YCbCrPositioning (531) - type: short (3) - value: b'\x00\x01'
2023-06-03 07:16:28,983 DEBUG PIL.TiffImagePlugin waitress-0 : tag: ExifIFD (34665) - type: long (4) - value: b'\x00\x00\x08\xa4'
2023-06-03 07:16:28,985 DEBUG PIL.TiffImagePlugin waitress-0 : tag: unknown (59932) - type: undefined (7) Tag Location: 106 - Data Location: 110 - value: <table: 2060 bytes>
2023-06-03 07:16:28,989 INFO root waitress-0 : _isblur1_=false isvalidface=false
2023-06-03 07:16:28,990 INFO root waitress-0 : >>----->>> END:UUID:=751e2c6e-01b0-11ee-91b8-005056c00008 <<<-----<<
2023-06-03 07:17:01,396 INFO root MainThread : Started
2023-06-03 07:17:01,415 INFO waitress MainThread : Serving on http://0.0.0.0:5001
2023-06-03 07:17:02,685 INFO root waitress-0 : /validateImage....
2023-06-03 07:17:02,687 INFO root waitress-0 : >>----->>> START:UUID:=8971b62c-01b0-11ee-8b39-005056c00008 <<<-----<<
2023-06-03 07:17:02,689 INFO root waitress-0 : process_image:image_file_path=D:/Projects/py-ValidateImageAPI/static/images/3110166357.jpg img_type=sign
2023-06-03 07:17:02,690 INFO root waitress-0 : validate_input_file:isfile=True isurl=False
2023-06-03 07:17:02,692 INFO root waitress-0 : validate_input_file2:isfile=True isurl=False
2023-06-03 07:17:02,715 DEBUG PIL.TiffImagePlugin waitress-0 : tag: Make (271) - type: string (2) Tag Location: 22 - Data Location: 2170 - value: b'SONY\x00'
2023-06-03 07:17:02,717 DEBUG PIL.TiffImagePlugin waitress-0 : tag: Model (272) - type: string (2) Tag Location: 34 - Data Location: 2176 - value: b'Xperia M2\x00'
2023-06-03 07:17:02,719 DEBUG PIL.TiffImagePlugin waitress-0 : tag: Orientation (274) - type: short (3) - value: b'\x00\x06'
2023-06-03 07:17:02,720 DEBUG PIL.TiffImagePlugin waitress-0 : tag: Software (305) - type: string (2) Tag Location: 58 - Data Location: 2186 - value: b'Auto\x00'
2023-06-03 07:17:02,720 DEBUG PIL.TiffImagePlugin waitress-0 : tag: DateTime (306) - type: string (2) Tag Location: 70 - Data Location: 2192 - value: b'2015:06:24 15:10:50\x00'
2023-06-03 07:17:02,721 DEBUG PIL.TiffImagePlugin waitress-0 : tag: YCbCrPositioning (531) - type: short (3) - value: b'\x00\x01'
2023-06-03 07:17:02,722 DEBUG PIL.TiffImagePlugin waitress-0 : tag: ExifIFD (34665) - type: long (4) - value: b'\x00\x00\x08\xa4'
2023-06-03 07:17:02,723 DEBUG PIL.TiffImagePlugin waitress-0 : tag: unknown (59932) - type: undefined (7) Tag Location: 106 - Data Location: 110 - value: <table: 2060 bytes>
2023-06-03 07:17:02,724 INFO root waitress-0 : sign:Actual sign Dim=height=443 width=178
2023-06-03 07:17:02,727 INFO root waitress-0 : sign:Requir sign Dim=height=2400 width=2400
2023-06-03 07:17:03,075 DEBUG PIL.TiffImagePlugin waitress-0 : tag: Make (271) - type: string (2) Tag Location: 22 - Data Location: 2170 - value: b'SONY\x00'
2023-06-03 07:17:03,076 DEBUG PIL.TiffImagePlugin waitress-0 : tag: Model (272) - type: string (2) Tag Location: 34 - Data Location: 2176 - value: b'Xperia M2\x00'
2023-06-03 07:17:03,078 DEBUG PIL.TiffImagePlugin waitress-0 : tag: Orientation (274) - type: short (3) - value: b'\x00\x06'
2023-06-03 07:17:03,079 DEBUG PIL.TiffImagePlugin waitress-0 : tag: Software (305) - type: string (2) Tag Location: 58 - Data Location: 2186 - value: b'Auto\x00'
2023-06-03 07:17:03,079 DEBUG PIL.TiffImagePlugin waitress-0 : tag: DateTime (306) - type: string (2) Tag Location: 70 - Data Location: 2192 - value: b'2015:06:24 15:10:50\x00'
2023-06-03 07:17:03,080 DEBUG PIL.TiffImagePlugin waitress-0 : tag: YCbCrPositioning (531) - type: short (3) - value: b'\x00\x01'
2023-06-03 07:17:03,081 DEBUG PIL.TiffImagePlugin waitress-0 : tag: ExifIFD (34665) - type: long (4) - value: b'\x00\x00\x08\xa4'
2023-06-03 07:17:03,082 DEBUG PIL.TiffImagePlugin waitress-0 : tag: unknown (59932) - type: undefined (7) Tag Location: 106 - Data Location: 110 - value: <table: 2060 bytes>
2023-06-03 07:17:03,085 INFO root waitress-0 : _isblur1_=false isvalidface=false
2023-06-03 07:17:03,086 INFO root waitress-0 : >>----->>> END:UUID:=8971b62c-01b0-11ee-8b39-005056c00008 <<<-----<<
2023-06-03 07:17:45,502 INFO root MainThread : Started
2023-06-03 07:17:45,520 INFO waitress MainThread : Serving on http://0.0.0.0:5001
2023-06-03 07:17:46,736 INFO root waitress-0 : /validateImage....
2023-06-03 07:17:46,737 INFO root waitress-0 : >>----->>> START:UUID:=a3b36835-01b0-11ee-826b-005056c00008 <<<-----<<
2023-06-03 07:17:46,740 INFO root waitress-0 : process_image:image_file_path=D:/Projects/py-ValidateImageAPI/static/images/3110166357.jpg img_type=sign
2023-06-03 07:17:46,741 INFO root waitress-0 : validate_input_file:isfile=True isurl=False
2023-06-03 07:17:46,742 INFO root waitress-0 : validate_input_file2:isfile=True isurl=False
2023-06-03 07:17:46,752 INFO root waitress-0 : sign:Actual sign Dim=height=443 width=178
2023-06-03 07:17:46,753 INFO root waitress-0 : sign:Requir sign Dim=height=2400 width=2400
2023-06-03 07:17:47,092 DEBUG PIL.TiffImagePlugin waitress-0 : tag: Make (271) - type: string (2) Tag Location: 22 - Data Location: 2170 - value: b'SONY\x00'
2023-06-03 07:17:47,094 DEBUG PIL.TiffImagePlugin waitress-0 : tag: Model (272) - type: string (2) Tag Location: 34 - Data Location: 2176 - value: b'Xperia M2\x00'
2023-06-03 07:17:47,094 DEBUG PIL.TiffImagePlugin waitress-0 : tag: Orientation (274) - type: short (3) - value: b'\x00\x06'
2023-06-03 07:17:47,096 DEBUG PIL.TiffImagePlugin waitress-0 : tag: Software (305) - type: string (2) Tag Location: 58 - Data Location: 2186 - value: b'Auto\x00'
2023-06-03 07:17:47,097 DEBUG PIL.TiffImagePlugin waitress-0 : tag: DateTime (306) - type: string (2) Tag Location: 70 - Data Location: 2192 - value: b'2015:06:24 15:10:50\x00'
2023-06-03 07:17:47,098 DEBUG PIL.TiffImagePlugin waitress-0 : tag: YCbCrPositioning (531) - type: short (3) - value: b'\x00\x01'
2023-06-03 07:17:47,099 DEBUG PIL.TiffImagePlugin waitress-0 : tag: ExifIFD (34665) - type: long (4) - value: b'\x00\x00\x08\xa4'
2023-06-03 07:17:47,100 DEBUG PIL.TiffImagePlugin waitress-0 : tag: unknown (59932) - type: undefined (7) Tag Location: 106 - Data Location: 110 - value: <table: 2060 bytes>
2023-06-03 07:17:47,103 INFO root waitress-0 : _isblur1_=false isvalidface=false
2023-06-03 07:17:47,103 INFO root waitress-0 : >>----->>> END:UUID:=a3b36835-01b0-11ee-826b-005056c00008 <<<-----<<
2023-06-03 07:19:11,722 INFO root waitress-1 : /validateImage....
2023-06-03 07:19:11,723 INFO root waitress-1 : >>----->>> START:UUID:=d65b2a21-01b0-11ee-8e7b-005056c00008 <<<-----<<
2023-06-03 07:19:11,724 INFO root waitress-1 : process_image:image_file_path=D:/Projects/py-ValidateImageAPI/static/images/349984905081983.jpg img_type=face
2023-06-03 07:19:11,725 INFO root waitress-1 : validate_input_file:isfile=True isurl=False
2023-06-03 07:19:11,727 INFO root waitress-1 : validate_input_file2:isfile=True isurl=False
2023-06-03 07:19:11,772 INFO root waitress-1 : face:face:is_face_valid:isurl=false
2023-06-03 07:19:11,774 DEBUG PIL.TiffImagePlugin waitress-1 : tag: Orientation (274) - type: short (3) - value: b'\x00\x01'
2023-06-03 07:19:11,776 DEBUG PIL.TiffImagePlugin waitress-1 : tag: XResolution (282) - type: rational (5) Tag Location: 34 - Data Location: 98 - value: b'\x00\x00\x00d\x00\x00\x00\x01'
2023-06-03 07:19:11,777 DEBUG PIL.TiffImagePlugin waitress-1 : tag: YResolution (283) - type: rational (5) Tag Location: 46 - Data Location: 106 - value: b'\x00\x00\x00d\x00\x00\x00\x01'
2023-06-03 07:19:11,777 DEBUG PIL.TiffImagePlugin waitress-1 : tag: ResolutionUnit (296) - type: short (3) - value: b'\x00\x02'
2023-06-03 07:19:11,778 DEBUG PIL.TiffImagePlugin waitress-1 : tag: Software (305) - type: string (2) Tag Location: 70 - Data Location: 114 - value: b'Adobe Photoshop 7.0\x00'
2023-06-03 07:19:11,779 DEBUG PIL.TiffImagePlugin waitress-1 : tag: DateTime (306) - type: string (2) Tag Location: 82 - Data Location: 134 - value: b'2022:09:19 15:24:37\x00'
2023-06-03 07:19:11,779 DEBUG PIL.TiffImagePlugin waitress-1 : tag: ExifIFD (34665) - type: long (4) - value: b'\x00\x00\x00\x9c'
2023-06-03 07:19:12,964 INFO root waitress-1 : Face Locations=[(564, 432, 626, 370)]
2023-06-03 07:19:12,966 INFO root waitress-1 : is_face_valid=true
2023-06-03 07:19:12,981 INFO root waitress-1 : Actual face Dim=height=1169 width=827
2023-06-03 07:19:12,982 INFO root waitress-1 : Required face Dim=height=2400 width=2400
2023-06-03 07:19:12,983 DEBUG PIL.TiffImagePlugin waitress-1 : tag: Orientation (274) - type: short (3) - value: b'\x00\x01'
2023-06-03 07:19:12,984 DEBUG PIL.TiffImagePlugin waitress-1 : tag: XResolution (282) - type: rational (5) Tag Location: 34 - Data Location: 98 - value: b'\x00\x00\x00d\x00\x00\x00\x01'
2023-06-03 07:19:12,985 DEBUG PIL.TiffImagePlugin waitress-1 : tag: YResolution (283) - type: rational (5) Tag Location: 46 - Data Location: 106 - value: b'\x00\x00\x00d\x00\x00\x00\x01'
2023-06-03 07:19:12,986 DEBUG PIL.TiffImagePlugin waitress-1 : tag: ResolutionUnit (296) - type: short (3) - value: b'\x00\x02'
2023-06-03 07:19:12,986 DEBUG PIL.TiffImagePlugin waitress-1 : tag: Software (305) - type: string (2) Tag Location: 70 - Data Location: 114 - value: b'Adobe Photoshop 7.0\x00'
2023-06-03 07:19:12,987 DEBUG PIL.TiffImagePlugin waitress-1 : tag: DateTime (306) - type: string (2) Tag Location: 82 - Data Location: 134 - value: b'2022:09:19 15:24:37\x00'
2023-06-03 07:19:12,988 DEBUG PIL.TiffImagePlugin waitress-1 : tag: ExifIFD (34665) - type: long (4) - value: b'\x00\x00\x00\x9c'
2023-06-03 07:19:14,061 INFO root waitress-1 : is_binary_image=False
2023-06-03 07:19:14,062 DEBUG PIL.TiffImagePlugin waitress-1 : tag: Orientation (274) - type: short (3) - value: b'\x00\x01'
2023-06-03 07:19:14,065 DEBUG PIL.TiffImagePlugin waitress-1 : tag: XResolution (282) - type: rational (5) Tag Location: 34 - Data Location: 98 - value: b'\x00\x00\x00d\x00\x00\x00\x01'
2023-06-03 07:19:14,065 DEBUG PIL.TiffImagePlugin waitress-1 : tag: YResolution (283) - type: rational (5) Tag Location: 46 - Data Location: 106 - value: b'\x00\x00\x00d\x00\x00\x00\x01'
2023-06-03 07:19:14,066 DEBUG PIL.TiffImagePlugin waitress-1 : tag: ResolutionUnit (296) - type: short (3) - value: b'\x00\x02'
2023-06-03 07:19:14,067 DEBUG PIL.TiffImagePlugin waitress-1 : tag: Software (305) - type: string (2) Tag Location: 70 - Data Location: 114 - value: b'Adobe Photoshop 7.0\x00'
2023-06-03 07:19:14,067 DEBUG PIL.TiffImagePlugin waitress-1 : tag: DateTime (306) - type: string (2) Tag Location: 82 - Data Location: 134 - value: b'2022:09:19 15:24:37\x00'
2023-06-03 07:19:14,068 DEBUG PIL.TiffImagePlugin waitress-1 : tag: ExifIFD (34665) - type: long (4) - value: b'\x00\x00\x00\x9c'
2023-06-03 07:19:14,072 DEBUG PIL.TiffImagePlugin waitress-1 : tag: Orientation (274) - type: short (3) - value: b'\x00\x01'
2023-06-03 07:19:14,073 DEBUG PIL.TiffImagePlugin waitress-1 : tag: XResolution (282) - type: rational (5) Tag Location: 34 - Data Location: 98 - value: b'\x00\x00\x00d\x00\x00\x00\x01'
2023-06-03 07:19:14,074 DEBUG PIL.TiffImagePlugin waitress-1 : tag: YResolution (283) - type: rational (5) Tag Location: 46 - Data Location: 106 - value: b'\x00\x00\x00d\x00\x00\x00\x01'
2023-06-03 07:19:14,075 DEBUG PIL.TiffImagePlugin waitress-1 : tag: ResolutionUnit (296) - type: short (3) - value: b'\x00\x02'
2023-06-03 07:19:14,076 DEBUG PIL.TiffImagePlugin waitress-1 : tag: Software (305) - type: string (2) Tag Location: 70 - Data Location: 114 - value: b'Adobe Photoshop 7.0\x00'
2023-06-03 07:19:14,077 DEBUG PIL.TiffImagePlugin waitress-1 : tag: DateTime (306) - type: string (2) Tag Location: 82 - Data Location: 134 - value: b'2022:09:19 15:24:37\x00'
2023-06-03 07:19:14,077 DEBUG PIL.TiffImagePlugin waitress-1 : tag: ExifIFD (34665) - type: long (4) - value: b'\x00\x00\x00\x9c'
2023-06-03 07:19:15,131 INFO root waitress-1 : _isblur1_=false isvalidface=false
2023-06-03 07:19:15,133 INFO root waitress-1 : >>----->>> END:UUID:=d65b2a21-01b0-11ee-8e7b-005056c00008 <<<-----<<
2023-06-03 07:20:16,015 INFO root waitress-2 : /validateImage....
2023-06-03 07:20:16,017 INFO root waitress-2 : >>----->>> START:UUID:=fcadb408-01b0-11ee-b649-005056c00008 <<<-----<<
2023-06-03 07:20:16,018 INFO root waitress-2 : process_image:image_file_path=D:/Projects/py-ValidateImageAPI/static/images/239994619091982.jpg img_type=face
2023-06-03 07:20:16,020 INFO root waitress-2 : validate_input_file:isfile=True isurl=False
2023-06-03 07:20:16,021 INFO root waitress-2 : validate_input_file2:isfile=True isurl=False
2023-06-03 07:20:16,030 INFO root waitress-2 : face:face:is_face_valid:isurl=false
2023-06-03 07:20:16,227 INFO root waitress-2 : Face Locations=[(110, 253, 239, 124)]
2023-06-03 07:20:16,229 INFO root waitress-2 : is_face_valid=true
2023-06-03 07:20:16,234 INFO root waitress-2 : Actual face Dim=height=415 width=370
2023-06-03 07:20:16,235 INFO root waitress-2 : Required face Dim=height=2400 width=2400
2023-06-03 07:20:16,737 INFO root waitress-2 : is_binary_image=False
2023-06-03 07:20:17,092 INFO root waitress-2 : _isblur1_=false isvalidface=true
2023-06-03 07:20:17,095 INFO root waitress-2 : >>----->>> END:UUID:=fcadb408-01b0-11ee-b649-005056c00008 <<<-----<<
2023-06-03 07:21:12,101 INFO root waitress-3 : /validateImage....
2023-06-03 07:21:12,102 INFO root waitress-3 : >>----->>> START:UUID:=1e1b95ed-01b1-11ee-b076-005056c00008 <<<-----<<
2023-06-03 07:21:12,105 INFO root waitress-3 : process_image:image_file_path=D:/Projects/py-ValidateImageAPI/static/images/351437615101999.jpg img_type=face
2023-06-03 07:21:12,106 INFO root waitress-3 : validate_input_file:isfile=True isurl=False
2023-06-03 07:21:12,106 INFO root waitress-3 : validate_input_file2:isfile=True isurl=False
2023-06-03 07:21:12,109 INFO root waitress-3 : face:face:is_face_valid:isurl=false
2023-06-03 07:21:12,130 INFO root waitress-3 : Face Locations=[(26, 74, 70, 31)]
2023-06-03 07:21:12,132 INFO root waitress-3 : is_face_valid=true
2023-06-03 07:21:12,134 INFO root waitress-3 : Actual face Dim=height=123 width=107
2023-06-03 07:21:12,135 INFO root waitress-3 : Required face Dim=height=2400 width=2400
2023-06-03 07:21:12,272 INFO root waitress-3 : is_binary_image=False
2023-06-03 07:21:12,415 INFO root waitress-3 : _isblur1_=false isvalidface=true
2023-06-03 07:21:12,416 INFO root waitress-3 : >>----->>> END:UUID:=1e1b95ed-01b1-11ee-b076-005056c00008 <<<-----<<
2023-06-03 07:21:33,880 INFO root waitress-0 : /validateImage....
2023-06-03 07:21:33,881 INFO root waitress-0 : >>----->>> START:UUID:=2b16b04f-01b1-11ee-a773-005056c00008 <<<-----<<
2023-06-03 07:21:33,883 INFO root waitress-0 : process_image:image_file_path=D:/Projects/py-ValidateImageAPI/static/images/IMG-20230520-WA0003.jpg img_type=face
2023-06-03 07:21:33,884 INFO root waitress-0 : validate_input_file:isfile=True isurl=False
2023-06-03 07:21:33,884 INFO root waitress-0 : validate_input_file2:isfile=True isurl=False
2023-06-03 07:21:33,928 INFO root waitress-0 : face:face:is_face_valid:isurl=false
2023-06-03 07:21:35,216 INFO root waitress-0 : Face Locations=[(247, 632, 632, 247)]
2023-06-03 07:21:35,218 INFO root waitress-0 : is_face_valid=true
2023-06-03 07:21:35,236 INFO root waitress-0 : Actual face Dim=height=1160 width=928
2023-06-03 07:21:35,237 INFO root waitress-0 : Required face Dim=height=2400 width=2400
2023-06-03 07:21:36,720 INFO root waitress-0 : is_binary_image=False
2023-06-03 07:21:38,084 INFO root waitress-0 : _isblur1_=false isvalidface=true
2023-06-03 07:21:38,085 INFO root waitress-0 : >>----->>> END:UUID:=2b16b04f-01b1-11ee-a773-005056c00008 <<<-----<<
2023-06-03 07:22:18,168 INFO root waitress-1 : /validateImage....
2023-06-03 07:22:18,171 INFO root waitress-1 : >>----->>> START:UUID:=457ca23e-01b1-11ee-934a-005056c00008 <<<-----<<
2023-06-03 07:22:18,172 INFO root waitress-1 : process_image:image_file_path=D:/Projects/py-ValidateImageAPI/static/images/IMG-20230520-WA0001.jpg img_type=face
2023-06-03 07:22:18,173 INFO root waitress-1 : validate_input_file:isfile=True isurl=False
2023-06-03 07:22:18,174 INFO root waitress-1 : validate_input_file2:isfile=True isurl=False
2023-06-03 07:22:18,195 INFO root waitress-1 : face:face:is_face_valid:isurl=false
2023-06-03 07:22:18,459 INFO root waitress-1 : Face Locations=[(133, 287, 288, 132)]
2023-06-03 07:22:18,461 INFO root waitress-1 : is_face_valid=true
2023-06-03 07:22:18,469 INFO root waitress-1 : Actual face Dim=height=491 width=409
2023-06-03 07:22:18,472 INFO root waitress-1 : Required face Dim=height=2400 width=2400
2023-06-03 07:22:19,066 INFO root waitress-1 : is_binary_image=False
2023-06-03 07:22:19,736 INFO root waitress-1 : _isblur1_=false isvalidface=true
2023-06-03 07:22:19,737 INFO root waitress-1 : >>----->>> END:UUID:=457ca23e-01b1-11ee-934a-005056c00008 <<<-----<<
2023-06-03 07:24:14,332 INFO root MainThread : Started
2023-06-03 07:24:14,356 INFO waitress MainThread : Serving on http://0.0.0.0:5001
2023-06-03 07:24:15,171 INFO root waitress-0 : /validateImage....
2023-06-03 07:24:15,172 INFO root waitress-0 : >>----->>> START:UUID:=8b39d891-01b1-11ee-9b46-005056c00008 <<<-----<<
2023-06-03 07:24:15,175 INFO root waitress-0 : process_image:image_file_path=D:/Projects/py-ValidateImageAPI/static/images/full scan-4.jpg img_type=face
2023-06-03 07:24:15,175 INFO root waitress-0 : validate_input_file:isfile=True isurl=False
2023-06-03 07:24:15,176 INFO root waitress-0 : validate_input_file2:isfile=True isurl=False
2023-06-03 07:24:15,289 INFO root waitress-0 : face:face:is_face_valid:isurl=false
2023-06-03 07:24:18,803 INFO root waitress-0 : Face Locations=[(295, 911, 850, 356)]
2023-06-03 07:24:18,804 INFO root waitress-0 : is_face_valid=true
2023-06-03 07:24:18,843 INFO root waitress-0 : Actual face Dim=height=1998 width=1265
2023-06-03 07:24:18,844 INFO root waitress-0 : Required face Dim=height=2400 width=2400
2023-06-03 07:24:21,519 INFO root waitress-0 : is_binary_image=False
2023-06-03 07:24:23,952 INFO root waitress-0 : _isblur1_=false isvalidface=true
2023-06-03 07:24:23,953 INFO root waitress-0 : >>----->>> END:UUID:=8b39d891-01b1-11ee-9b46-005056c00008 <<<-----<<
2023-06-03 07:25:09,586 INFO root waitress-1 : /validateImage....
2023-06-03 07:25:09,588 INFO root waitress-1 : >>----->>> START:UUID:=aba90dad-01b1-11ee-88d6-005056c00008 <<<-----<<
2023-06-03 07:25:09,589 INFO root waitress-1 : process_image:image_file_path=D:/Projects/py-ValidateImageAPI/static/images/Without signature -4.jpg img_type=sign
2023-06-03 07:25:09,591 INFO root waitress-1 : validate_input_file:isfile=True isurl=False
2023-06-03 07:25:09,593 INFO root waitress-1 : validate_input_file2:isfile=True isurl=False
2023-06-03 07:25:09,633 INFO root waitress-1 : sign:Actual sign Dim=height=670 width=966
2023-06-03 07:25:09,634 INFO root waitress-1 : sign:Requir sign Dim=height=2400 width=2400
2023-06-03 07:25:11,120 INFO root waitress-1 : _isblur1_=false isvalidface=true
2023-06-03 07:25:11,121 INFO root waitress-1 : >>----->>> END:UUID:=aba90dad-01b1-11ee-88d6-005056c00008 <<<-----<<
2023-06-03 07:25:32,902 INFO root waitress-2 : /validateImage....
2023-06-03 07:25:32,904 INFO root waitress-2 : >>----->>> START:UUID:=b98ec3fc-01b1-11ee-89a3-005056c00008 <<<-----<<
2023-06-03 07:25:32,906 INFO root waitress-2 : process_image:image_file_path=D:/Projects/py-ValidateImageAPI/static/images/3113344165.jpg img_type=sign
2023-06-03 07:25:32,907 INFO root waitress-2 : validate_input_file:isfile=True isurl=False
2023-06-03 07:25:32,908 INFO root waitress-2 : validate_input_file2:isfile=True isurl=False
2023-06-03 07:25:32,949 INFO root waitress-2 : sign:Actual sign Dim=height=450 width=1000
2023-06-03 07:25:32,951 INFO root waitress-2 : sign:Requir sign Dim=height=2400 width=2400
2023-06-03 07:25:33,874 INFO root waitress-2 : _isblur1_=false isvalidface=false
2023-06-03 07:25:33,875 INFO root waitress-2 : >>----->>> END:UUID:=b98ec3fc-01b1-11ee-89a3-005056c00008 <<<-----<<
2023-06-03 07:28:02,120 INFO root MainThread : Started
2023-06-03 07:28:02,139 INFO waitress MainThread : Serving on http://0.0.0.0:5001
2023-06-03 07:28:03,569 INFO root waitress-0 : /validateImage....
2023-06-03 07:28:03,571 INFO root waitress-0 : >>----->>> START:UUID:=135cb804-01b2-11ee-9b8b-005056c00008 <<<-----<<
2023-06-03 07:28:03,573 INFO root waitress-0 : process_image:image_file_path=D:/Projects/py-ValidateImageAPI/static/images/3113344165.jpg img_type=sign
2023-06-03 07:28:03,574 INFO root waitress-0 : validate_input_file:isfile=True isurl=False
2023-06-03 07:28:03,575 INFO root waitress-0 : validate_input_file2:isfile=True isurl=False
2023-06-03 07:28:03,617 INFO root waitress-0 : sign:Actual sign Dim=height=450 width=1000
2023-06-03 07:28:03,619 INFO root waitress-0 : sign:Requir sign Dim=height=2400 width=2400
2023-06-03 07:28:04,585 INFO root waitress-0 : sign:_isblur1_=false isvalidface=false remarks=Full Scan Signature
2023-06-03 07:28:04,586 INFO root waitress-0 : >>----->>> END:UUID:=135cb804-01b2-11ee-9b8b-005056c00008 <<<-----<<
2023-06-03 07:28:47,121 INFO root MainThread : Started
2023-06-03 07:28:47,140 INFO waitress MainThread : Serving on http://0.0.0.0:5001
2023-06-03 07:28:54,058 INFO root waitress-0 : /validateImage....
2023-06-03 07:28:54,060 INFO root waitress-0 : >>----->>> START:UUID:=3174b5b6-01b2-11ee-9216-005056c00008 <<<-----<<
2023-06-03 07:28:54,062 INFO root waitress-0 : process_image:image_file_path=D:/Projects/py-ValidateImageAPI/static/images/3113063610.jpg img_type=sign
2023-06-03 07:28:54,064 INFO root waitress-0 : validate_input_file:isfile=True isurl=False
2023-06-03 07:28:54,065 INFO root waitress-0 : validate_input_file2:isfile=True isurl=False
2023-06-03 07:28:54,084 INFO root waitress-0 : sign:Actual sign Dim=height=399 width=184
2023-06-03 07:28:54,085 INFO root waitress-0 : sign:Requir sign Dim=height=2400 width=2400
2023-06-03 07:28:54,249 INFO root waitress-0 : sign:_isblur1_=false isvalidsign=false remarks=Invalid Signature
2023-06-03 07:28:54,249 INFO root waitress-0 : >>----->>> END:UUID:=3174b5b6-01b2-11ee-9216-005056c00008 <<<-----<<
2023-06-03 07:31:27,728 INFO root waitress-1 : /validateImage....
2023-06-03 07:31:27,731 INFO root waitress-1 : >>----->>> START:UUID:=8d0d0d35-01b2-11ee-8e5b-005056c00008 <<<-----<<
2023-06-03 07:31:27,732 INFO root waitress-1 : process_image:image_file_path=D:/Projects/py-ValidateImageAPI/static/images/detecting_blur_result_005.jpg img_type=sign
2023-06-03 07:31:27,734 INFO root waitress-1 : validate_input_file:isfile=True isurl=False
2023-06-03 07:31:27,735 INFO root waitress-1 : validate_input_file2:isfile=True isurl=False
2023-06-03 07:31:27,823 INFO root waitress-1 : sign:Actual sign Dim=height=1080 width=1050
2023-06-03 07:31:27,825 INFO root waitress-1 : sign:Requir sign Dim=height=2400 width=2400
2023-06-03 07:31:29,574 INFO root waitress-1 : sign:_isblur1_=false isvalidsign=false remarks=Invalid Signature
2023-06-03 07:31:29,575 INFO root waitress-1 : >>----->>> END:UUID:=8d0d0d35-01b2-11ee-8e5b-005056c00008 <<<-----<<
2023-06-03 07:33:48,941 INFO root MainThread : Started
2023-06-03 07:33:48,958 INFO waitress MainThread : Serving on http://0.0.0.0:5001
2023-06-03 07:33:50,220 INFO root waitress-0 : /validateImage....
2023-06-03 07:33:50,222 INFO root waitress-0 : >>----->>> START:UUID:=e1fb5a87-01b2-11ee-af27-005056c00008 <<<-----<<
2023-06-03 07:33:50,224 INFO root waitress-0 : process_image:image_file_path=D:/Projects/py-ValidateImageAPI/static/images/detecting_blur_result_005.jpg img_type=sign
2023-06-03 07:33:50,225 INFO root waitress-0 : validate_input_file:isfile=True isurl=False
2023-06-03 07:33:50,226 INFO root waitress-0 : validate_input_file2:isfile=True isurl=False
2023-06-03 07:33:50,297 INFO root waitress-0 : sign:Actual sign Dim=height=1080 width=1050
2023-06-03 07:33:50,298 INFO root waitress-0 : sign:Requir sign Dim=height=2400 width=2400
2023-06-03 07:33:52,365 INFO root waitress-0 : sign:_isblur1_=false isvalidsign=false remarks=Full Scan Signature
2023-06-03 07:33:52,366 INFO root waitress-0 : >>----->>> END:UUID:=e1fb5a87-01b2-11ee-af27-005056c00008 <<<-----<<
2023-06-03 07:34:03,749 INFO root waitress-1 : /validateImage....
2023-06-03 07:34:03,752 INFO root waitress-1 : >>----->>> START:UUID:=ea0bff46-01b2-11ee-873d-005056c00008 <<<-----<<
2023-06-03 07:34:03,754 INFO root waitress-1 : process_image:image_file_path=D:/Projects/py-ValidateImageAPI/static/images/IMG-20230520-WA0004.jpg img_type=sign
2023-06-03 07:34:03,756 INFO root waitress-1 : validate_input_file:isfile=True isurl=False
2023-06-03 07:34:03,757 INFO root waitress-1 : validate_input_file2:isfile=True isurl=False
2023-06-03 07:34:03,781 INFO root waitress-1 : sign:Actual sign Dim=height=431 width=800
2023-06-03 07:34:03,783 INFO root waitress-1 : sign:Requir sign Dim=height=2400 width=2400
2023-06-03 07:34:04,418 INFO root waitress-1 : sign:_isblur1_=false isvalidsign=false remarks=Full Scan Signature
2023-06-03 07:34:04,419 INFO root waitress-1 : >>----->>> END:UUID:=ea0bff46-01b2-11ee-873d-005056c00008 <<<-----<<
2023-06-03 07:34:21,773 INFO root waitress-2 : /validateImage....
2023-06-03 07:34:21,774 INFO root waitress-2 : >>----->>> START:UUID:=f4c9fdaf-01b2-11ee-88bf-005056c00008 <<<-----<<
2023-06-03 07:34:21,777 INFO root waitress-2 : process_image:image_file_path=D:/Projects/py-ValidateImageAPI/static/images/Without signature -1.jpg img_type=sign
2023-06-03 07:34:21,778 INFO root waitress-2 : validate_input_file:isfile=True isurl=False
2023-06-03 07:34:21,779 INFO root waitress-2 : validate_input_file2:isfile=True isurl=False
2023-06-03 07:34:21,844 INFO root waitress-2 : sign:Actual sign Dim=height=431 width=800
2023-06-03 07:34:21,848 INFO root waitress-2 : sign:Requir sign Dim=height=2400 width=2400
2023-06-03 07:34:22,495 INFO root waitress-2 : sign:_isblur1_=false isvalidsign=false remarks=Full Scan Signature
2023-06-03 07:34:22,496 INFO root waitress-2 : >>----->>> END:UUID:=f4c9fdaf-01b2-11ee-88bf-005056c00008 <<<-----<<
2023-06-03 07:34:36,073 INFO root waitress-3 : /validateImage....
2023-06-03 07:34:36,075 INFO root waitress-3 : >>----->>> START:UUID:=fd501b0e-01b2-11ee-ac3f-005056c00008 <<<-----<<
2023-06-03 07:34:36,076 INFO root waitress-3 : process_image:image_file_path=D:/Projects/py-ValidateImageAPI/static/images/Without signature -4.jpg img_type=sign
2023-06-03 07:34:36,079 INFO root waitress-3 : validate_input_file:isfile=True isurl=False
2023-06-03 07:34:36,080 INFO root waitress-3 : validate_input_file2:isfile=True isurl=False
2023-06-03 07:34:36,124 INFO root waitress-3 : sign:Actual sign Dim=height=670 width=966
2023-06-03 07:34:36,126 INFO root waitress-3 : sign:Requir sign Dim=height=2400 width=2400
2023-06-03 07:34:37,558 INFO root waitress-3 : sign:_isblur1_=false isvalidsign=true remarks=Valid Signature
2023-06-03 07:34:37,560 INFO root waitress-3 : >>----->>> END:UUID:=fd501b0e-01b2-11ee-ac3f-005056c00008 <<<-----<<
2023-06-03 07:37:59,997 INFO root MainThread : Started
2023-06-03 07:38:00,021 INFO waitress MainThread : Serving on http://0.0.0.0:5001
2023-06-03 07:38:01,381 INFO root waitress-0 : /validateImage....
2023-06-03 07:38:01,384 INFO root waitress-0 : >>----->>> START:UUID:=77af8839-01b3-11ee-9884-005056c00008 <<<-----<<
2023-06-03 07:38:01,385 INFO root waitress-0 : process_image:image_file_path=D:/Projects/py-ValidateImageAPI/static/images/Without signature -4.jpg img_type=sign
2023-06-03 07:38:01,386 INFO root waitress-0 : validate_input_file:isfile=True isurl=False
2023-06-03 07:38:01,387 INFO root waitress-0 : validate_input_file2:isfile=True isurl=False
2023-06-03 07:38:01,436 INFO root waitress-0 : sign:Actual sign Dim=height=670 width=966
2023-06-03 07:38:01,437 INFO root waitress-0 : sign:Requir sign Dim=height=2400 width=2400
2023-06-03 07:38:03,329 ERROR app waitress-0 : Exception on /validateImage [POST]
Traceback (most recent call last):
  File "D:\Projects\py-ValidateImageAPI\imageUtils.py", line 193, in validate_sign_params
    binarize(image_file_path)
TypeError: binarize() missing 1 required positional argument: 'type'

During handling of the above exception, another exception occurred:

Traceback (most recent call last):
  File "D:\Projects\py-ValidateImageAPI\imageUtils.py", line 67, in process_image
    isvalidimage, remarks = validate_sign_params(image_file_path, isblur1)
                            ^^^^^^^^^^^^^^^^^^^^^^^^^^^^^^^^^^^^^^^^^^^^^^
  File "D:\Projects\py-ValidateImageAPI\imageUtils.py", line 246, in validate_sign_params
    logging.debug("Xception:validate_sign_params="+e)
                  ~~~~~~~~~~~~~~~~~~~~~~~~~~~~~~~~^~
TypeError: can only concatenate str (not "TypeError") to str

During handling of the above exception, another exception occurred:

Traceback (most recent call last):
  File "C:\Users\balac\AppData\Local\Programs\Python\Python311\Lib\site-packages\flask\app.py", line 2528, in wsgi_app
    response = self.full_dispatch_request()
               ^^^^^^^^^^^^^^^^^^^^^^^^^^^^
  File "C:\Users\balac\AppData\Local\Programs\Python\Python311\Lib\site-packages\flask\app.py", line 1825, in full_dispatch_request
    rv = self.handle_user_exception(e)
         ^^^^^^^^^^^^^^^^^^^^^^^^^^^^^
  File "C:\Users\balac\AppData\Local\Programs\Python\Python311\Lib\site-packages\flask\app.py", line 1823, in full_dispatch_request
    rv = self.dispatch_request()
         ^^^^^^^^^^^^^^^^^^^^^^^
  File "C:\Users\balac\AppData\Local\Programs\Python\Python311\Lib\site-packages\flask\app.py", line 1799, in dispatch_request
    return self.ensure_sync(self.view_functions[rule.endpoint])(**view_args)
           ^^^^^^^^^^^^^^^^^^^^^^^^^^^^^^^^^^^^^^^^^^^^^^^^^^^^^^^^^^^^^^^^^
  File "D:\Projects\py-ValidateImageAPI\crossdomain.py", line 30, in wrapped_function
    resp = make_response(f(*args, **kwargs))
                         ^^^^^^^^^^^^^^^^^^
  File "D:\Projects\py-ValidateImageAPI\app.py", line 61, in validateImage
    data = process_image(image_file_path, img_type, app_id, id, uid, cur_datetime)
           ^^^^^^^^^^^^^^^^^^^^^^^^^^^^^^^^^^^^^^^^^^^^^^^^^^^^^^^^^^^^^^^^^^^^^^^
  File "D:\Projects\py-ValidateImageAPI\imageUtils.py", line 98, in process_image
    logging.debug("process_image:Exception="+e)
                  ~~~~~~~~~~~~~~~~~~~~~~~~~~^~
TypeError: can only concatenate str (not "TypeError") to str
2023-06-03 07:38:29,573 INFO root MainThread : Started
2023-06-03 07:38:29,591 INFO waitress MainThread : Serving on http://0.0.0.0:5001
2023-06-03 07:38:32,571 INFO root waitress-0 : /validateImage....
2023-06-03 07:38:32,574 INFO root waitress-0 : >>----->>> START:UUID:=8a46be70-01b3-11ee-96a7-005056c00008 <<<-----<<
2023-06-03 07:38:32,575 INFO root waitress-0 : process_image:image_file_path=D:/Projects/py-ValidateImageAPI/static/images/Without signature -4.jpg img_type=sign
2023-06-03 07:38:32,576 INFO root waitress-0 : validate_input_file:isfile=True isurl=False
2023-06-03 07:38:32,577 INFO root waitress-0 : validate_input_file2:isfile=True isurl=False
2023-06-03 07:38:32,625 INFO root waitress-0 : sign:Actual sign Dim=height=670 width=966
2023-06-03 07:38:32,626 INFO root waitress-0 : sign:Requir sign Dim=height=2400 width=2400
2023-06-03 07:38:34,168 INFO root waitress-0 : sign:_isblur1_=false isvalidsign=true remarks=Valid Signature
2023-06-03 07:38:34,169 INFO root waitress-0 : >>----->>> END:UUID:=8a46be70-01b3-11ee-96a7-005056c00008 <<<-----<<
2023-06-03 07:38:47,956 INFO root waitress-1 : /validateImage....
2023-06-03 07:38:47,958 INFO root waitress-1 : >>----->>> START:UUID:=93726406-01b3-11ee-82bb-005056c00008 <<<-----<<
2023-06-03 07:38:47,959 INFO root waitress-1 : process_image:image_file_path=D:/Projects/py-ValidateImageAPI/static/images/Without signature -1.jpg img_type=sign
2023-06-03 07:38:47,961 INFO root waitress-1 : validate_input_file:isfile=True isurl=False
2023-06-03 07:38:47,962 INFO root waitress-1 : validate_input_file2:isfile=True isurl=False
2023-06-03 07:38:47,986 INFO root waitress-1 : sign:Actual sign Dim=height=431 width=800
2023-06-03 07:38:47,989 INFO root waitress-1 : sign:Requir sign Dim=height=2400 width=2400
2023-06-03 07:38:48,655 INFO root waitress-1 : sign:_isblur1_=false isvalidsign=false remarks=Full Scan Signature
2023-06-03 07:38:48,656 INFO root waitress-1 : >>----->>> END:UUID:=93726406-01b3-11ee-82bb-005056c00008 <<<-----<<
2023-06-03 07:39:49,619 INFO root MainThread : Started
2023-06-03 07:39:49,638 INFO waitress MainThread : Serving on http://0.0.0.0:5001
2023-06-03 07:39:51,075 INFO root waitress-0 : /validateImage....
2023-06-03 07:39:51,076 INFO root waitress-0 : >>----->>> START:UUID:=b9117430-01b3-11ee-b739-005056c00008 <<<-----<<
2023-06-03 07:39:51,077 INFO root waitress-0 : process_image:image_file_path=D:/Projects/py-ValidateImageAPI/static/images/Without signature -1.jpg img_type=sign
2023-06-03 07:39:51,080 INFO root waitress-0 : validate_input_file:isfile=True isurl=False
2023-06-03 07:39:51,080 INFO root waitress-0 : validate_input_file2:isfile=True isurl=False
2023-06-03 07:39:51,112 INFO root waitress-0 : sign:Actual sign Dim=height=431 width=800
2023-06-03 07:39:51,113 INFO root waitress-0 : sign:Requir sign Dim=height=2400 width=2400
2023-06-03 07:39:51,838 ERROR app waitress-0 : Exception on /validateImage [POST]
Traceback (most recent call last):
  File "D:\Projects\py-ValidateImageAPI\imageUtils.py", line 194, in validate_sign_params
    cv2.imshow("Image", img)
cv2.error: OpenCV(4.7.0) :-1: error: (-5:Bad argument) in function 'imshow'
> Overload resolution failed:
>  - mat is not a numpy array, neither a scalar
>  - Expected Ptr<cv::cuda::GpuMat> for argument 'mat'
>  - Expected Ptr<cv::UMat> for argument 'mat'


During handling of the above exception, another exception occurred:

Traceback (most recent call last):
  File "D:\Projects\py-ValidateImageAPI\imageUtils.py", line 67, in process_image
    isvalidimage, remarks = validate_sign_params(image_file_path, isblur1)
                            ^^^^^^^^^^^^^^^^^^^^^^^^^^^^^^^^^^^^^^^^^^^^^^
  File "D:\Projects\py-ValidateImageAPI\imageUtils.py", line 248, in validate_sign_params
    logging.debug("Xception:validate_sign_params="+e)
                  ~~~~~~~~~~~~~~~~~~~~~~~~~~~~~~~~^~
TypeError: can only concatenate str (not "error") to str

During handling of the above exception, another exception occurred:

Traceback (most recent call last):
  File "C:\Users\balac\AppData\Local\Programs\Python\Python311\Lib\site-packages\flask\app.py", line 2528, in wsgi_app
    response = self.full_dispatch_request()
               ^^^^^^^^^^^^^^^^^^^^^^^^^^^^
  File "C:\Users\balac\AppData\Local\Programs\Python\Python311\Lib\site-packages\flask\app.py", line 1825, in full_dispatch_request
    rv = self.handle_user_exception(e)
         ^^^^^^^^^^^^^^^^^^^^^^^^^^^^^
  File "C:\Users\balac\AppData\Local\Programs\Python\Python311\Lib\site-packages\flask\app.py", line 1823, in full_dispatch_request
    rv = self.dispatch_request()
         ^^^^^^^^^^^^^^^^^^^^^^^
  File "C:\Users\balac\AppData\Local\Programs\Python\Python311\Lib\site-packages\flask\app.py", line 1799, in dispatch_request
    return self.ensure_sync(self.view_functions[rule.endpoint])(**view_args)
           ^^^^^^^^^^^^^^^^^^^^^^^^^^^^^^^^^^^^^^^^^^^^^^^^^^^^^^^^^^^^^^^^^
  File "D:\Projects\py-ValidateImageAPI\crossdomain.py", line 30, in wrapped_function
    resp = make_response(f(*args, **kwargs))
                         ^^^^^^^^^^^^^^^^^^
  File "D:\Projects\py-ValidateImageAPI\app.py", line 61, in validateImage
    data = process_image(image_file_path, img_type, app_id, id, uid, cur_datetime)
           ^^^^^^^^^^^^^^^^^^^^^^^^^^^^^^^^^^^^^^^^^^^^^^^^^^^^^^^^^^^^^^^^^^^^^^^
  File "D:\Projects\py-ValidateImageAPI\imageUtils.py", line 98, in process_image
    logging.debug("process_image:Exception="+e)
                  ~~~~~~~~~~~~~~~~~~~~~~~~~~^~
TypeError: can only concatenate str (not "TypeError") to str
2023-06-03 07:40:55,658 INFO root MainThread : Started
2023-06-03 07:40:55,676 INFO waitress MainThread : Serving on http://0.0.0.0:5001
2023-06-03 07:40:57,146 INFO root waitress-0 : /validateImage....
2023-06-03 07:40:57,147 INFO root waitress-0 : >>----->>> START:UUID:=e073111e-01b3-11ee-91b9-005056c00008 <<<-----<<
2023-06-03 07:40:57,149 INFO root waitress-0 : process_image:image_file_path=D:/Projects/py-ValidateImageAPI/static/images/Without signature -1.jpg img_type=sign
2023-06-03 07:40:57,151 INFO root waitress-0 : validate_input_file:isfile=True isurl=False
2023-06-03 07:40:57,151 INFO root waitress-0 : validate_input_file2:isfile=True isurl=False
2023-06-03 07:40:57,181 INFO root waitress-0 : sign:Actual sign Dim=height=431 width=800
2023-06-03 07:40:57,182 INFO root waitress-0 : sign:Requir sign Dim=height=2400 width=2400
2023-06-03 07:40:57,894 ERROR app waitress-0 : Exception on /validateImage [POST]
Traceback (most recent call last):
  File "D:\Projects\py-ValidateImageAPI\imageUtils.py", line 194, in validate_sign_params
    numpydata = asarray(img)
                ^^^^^^^
NameError: name 'asarray' is not defined

During handling of the above exception, another exception occurred:

Traceback (most recent call last):
  File "D:\Projects\py-ValidateImageAPI\imageUtils.py", line 67, in process_image
    isvalidimage, remarks = validate_sign_params(image_file_path, isblur1)
                            ^^^^^^^^^^^^^^^^^^^^^^^^^^^^^^^^^^^^^^^^^^^^^^
  File "D:\Projects\py-ValidateImageAPI\imageUtils.py", line 249, in validate_sign_params
    logging.debug("Xception:validate_sign_params="+e)
                  ~~~~~~~~~~~~~~~~~~~~~~~~~~~~~~~~^~
TypeError: can only concatenate str (not "NameError") to str

During handling of the above exception, another exception occurred:

Traceback (most recent call last):
  File "C:\Users\balac\AppData\Local\Programs\Python\Python311\Lib\site-packages\flask\app.py", line 2528, in wsgi_app
    response = self.full_dispatch_request()
               ^^^^^^^^^^^^^^^^^^^^^^^^^^^^
  File "C:\Users\balac\AppData\Local\Programs\Python\Python311\Lib\site-packages\flask\app.py", line 1825, in full_dispatch_request
    rv = self.handle_user_exception(e)
         ^^^^^^^^^^^^^^^^^^^^^^^^^^^^^
  File "C:\Users\balac\AppData\Local\Programs\Python\Python311\Lib\site-packages\flask\app.py", line 1823, in full_dispatch_request
    rv = self.dispatch_request()
         ^^^^^^^^^^^^^^^^^^^^^^^
  File "C:\Users\balac\AppData\Local\Programs\Python\Python311\Lib\site-packages\flask\app.py", line 1799, in dispatch_request
    return self.ensure_sync(self.view_functions[rule.endpoint])(**view_args)
           ^^^^^^^^^^^^^^^^^^^^^^^^^^^^^^^^^^^^^^^^^^^^^^^^^^^^^^^^^^^^^^^^^
  File "D:\Projects\py-ValidateImageAPI\crossdomain.py", line 30, in wrapped_function
    resp = make_response(f(*args, **kwargs))
                         ^^^^^^^^^^^^^^^^^^
  File "D:\Projects\py-ValidateImageAPI\app.py", line 61, in validateImage
    data = process_image(image_file_path, img_type, app_id, id, uid, cur_datetime)
           ^^^^^^^^^^^^^^^^^^^^^^^^^^^^^^^^^^^^^^^^^^^^^^^^^^^^^^^^^^^^^^^^^^^^^^^
  File "D:\Projects\py-ValidateImageAPI\imageUtils.py", line 98, in process_image
    logging.debug("process_image:Exception="+e)
                  ~~~~~~~~~~~~~~~~~~~~~~~~~~^~
TypeError: can only concatenate str (not "TypeError") to str
2023-06-03 07:41:32,323 INFO root MainThread : Started
2023-06-03 07:41:32,342 INFO waitress MainThread : Serving on http://0.0.0.0:5001
2023-06-03 07:41:33,779 INFO root waitress-0 : /validateImage....
2023-06-03 07:41:33,781 INFO root waitress-0 : >>----->>> START:UUID:=f648cb34-01b3-11ee-b99e-005056c00008 <<<-----<<
2023-06-03 07:41:33,782 INFO root waitress-0 : process_image:image_file_path=D:/Projects/py-ValidateImageAPI/static/images/Without signature -1.jpg img_type=sign
2023-06-03 07:41:33,783 INFO root waitress-0 : validate_input_file:isfile=True isurl=False
2023-06-03 07:41:33,784 INFO root waitress-0 : validate_input_file2:isfile=True isurl=False
2023-06-03 07:41:33,813 INFO root waitress-0 : sign:Actual sign Dim=height=431 width=800
2023-06-03 07:41:33,815 INFO root waitress-0 : sign:Requir sign Dim=height=2400 width=2400
2023-06-03 07:41:37,757 INFO root waitress-0 : sign:_isblur1_=false isvalidsign=false remarks=Full Scan Signature
2023-06-03 07:41:37,759 INFO root waitress-0 : >>----->>> END:UUID:=f648cb34-01b3-11ee-b99e-005056c00008 <<<-----<<
2023-06-03 07:57:49,796 INFO root waitress-1 : /validateImage....
2023-06-03 07:57:49,798 INFO root waitress-1 : >>----->>> START:UUID:=3c094f34-01b6-11ee-9fe9-005056c00008 <<<-----<<
2023-06-03 07:57:49,799 INFO root waitress-1 : process_image:image_file_path=D:/Projects/py-ValidateImageAPI/static/images/IMG-20230520-WA0004.jpg img_type=sign
2023-06-03 07:57:49,800 INFO root waitress-1 : validate_input_file:isfile=True isurl=False
2023-06-03 07:57:49,801 INFO root waitress-1 : validate_input_file2:isfile=True isurl=False
2023-06-03 07:57:49,825 INFO root waitress-1 : sign:Actual sign Dim=height=431 width=800
2023-06-03 07:57:49,828 INFO root waitress-1 : sign:Requir sign Dim=height=2400 width=2400
2023-06-03 07:57:53,333 INFO root waitress-1 : sign:_isblur1_=false isvalidsign=false remarks=Full Scan Signature
2023-06-03 07:57:53,335 INFO root waitress-1 : >>----->>> END:UUID:=3c094f34-01b6-11ee-9fe9-005056c00008 <<<-----<<
2023-06-03 07:59:18,270 INFO root waitress-2 : /validateImage....
2023-06-03 07:59:18,271 INFO root waitress-2 : >>----->>> START:UUID:=70c541ba-01b6-11ee-97f9-005056c00008 <<<-----<<
2023-06-03 07:59:18,273 INFO root waitress-2 : process_image:image_file_path=D:/Projects/py-ValidateImageAPI/static/images/239994619091982.jpg img_type=face
2023-06-03 07:59:18,275 INFO root waitress-2 : validate_input_file:isfile=True isurl=False
2023-06-03 07:59:18,276 INFO root waitress-2 : validate_input_file2:isfile=True isurl=False
2023-06-03 07:59:18,286 INFO root waitress-2 : face:face:is_face_valid:isurl=false
2023-06-03 07:59:18,469 INFO root waitress-2 : Face Locations=[(110, 253, 239, 124)]
2023-06-03 07:59:18,471 INFO root waitress-2 : is_face_valid=true
2023-06-03 07:59:18,476 INFO root waitress-2 : Actual face Dim=height=415 width=370
2023-06-03 07:59:18,478 INFO root waitress-2 : Required face Dim=height=2400 width=2400
2023-06-03 07:59:18,847 INFO root waitress-2 : is_binary_image=False
2023-06-03 07:59:19,285 INFO root waitress-2 : face:_isblur1_=false isvalidface=true remarks=Valid Image
2023-06-03 07:59:19,286 INFO root waitress-2 : >>----->>> END:UUID:=70c541ba-01b6-11ee-97f9-005056c00008 <<<-----<<
2023-06-03 11:16:35,419 INFO root MainThread : Started
2023-06-03 11:16:35,443 INFO waitress MainThread : Serving on http://0.0.0.0:5001
2023-06-03 11:16:56,559 INFO root waitress-0 : /validateImage....
2023-06-03 11:16:56,561 INFO root waitress-0 : >>----->>> START:UUID:=0cdc9a29-01d2-11ee-a169-005056c00008 <<<-----<<
2023-06-03 11:16:56,562 INFO root waitress-0 : process_image:image_file_path=D:/Projects/py-ValidateImageAPI/static/images/239994619091982.jpg img_type=face
2023-06-03 11:16:56,562 INFO root waitress-0 : validate_input_file:isfile=True isurl=False
2023-06-03 11:16:56,564 INFO root waitress-0 : validate_input_file2:isfile=True isurl=False
2023-06-03 11:16:56,578 INFO root waitress-0 : face:face:is_face_valid:isurl=false
2023-06-03 11:16:56,763 INFO root waitress-0 : Face Locations=[(110, 253, 239, 124)]
2023-06-03 11:16:56,764 INFO root waitress-0 : is_face_valid=true
2023-06-03 11:16:56,768 INFO root waitress-0 : Actual face Dim=height=415 width=370
2023-06-03 11:16:56,769 INFO root waitress-0 : Required face Dim=height=2400 width=2400
2023-06-03 11:16:57,129 INFO root waitress-0 : is_binary_image=False
2023-06-03 11:16:57,548 INFO root waitress-0 : face:_isblur1_=false isvalidface=true remarks=Valid Image
2023-06-03 11:16:57,548 INFO root waitress-0 : >>----->>> END:UUID:=0cdc9a29-01d2-11ee-a169-005056c00008 <<<-----<<
2023-06-03 11:54:37,203 INFO root waitress-1 : /validateImage....
2023-06-03 11:54:37,205 INFO root waitress-1 : >>----->>> START:UUID:=504f8afd-01d7-11ee-a8c3-005056c00008 <<<-----<<
2023-06-03 11:54:37,206 INFO root waitress-1 : process_image:image_file_path=D:/Projects/py-ValidateImageAPI/static/images/239994619091982.jpg img_type=face
2023-06-03 11:54:37,207 INFO root waitress-1 : validate_input_file:isfile=True isurl=False
2023-06-03 11:54:37,208 INFO root waitress-1 : validate_input_file2:isfile=True isurl=False
2023-06-03 11:54:37,215 INFO root waitress-1 : face:face:is_face_valid:isurl=false
2023-06-03 11:54:37,354 INFO root waitress-1 : Face Locations=[(110, 253, 239, 124)]
2023-06-03 11:54:37,356 INFO root waitress-1 : is_face_valid=true
2023-06-03 11:54:37,360 INFO root waitress-1 : Actual face Dim=height=415 width=370
2023-06-03 11:54:37,360 INFO root waitress-1 : Required face Dim=height=2400 width=2400
2023-06-03 11:54:37,726 INFO root waitress-1 : is_binary_image=False
2023-06-03 11:54:38,057 INFO root waitress-1 : face:_isblur1_=false isvalidface=true remarks=Valid Image
2023-06-03 11:54:38,058 INFO root waitress-1 : >>----->>> END:UUID:=504f8afd-01d7-11ee-a8c3-005056c00008 <<<-----<<
2023-06-03 11:55:03,152 INFO root waitress-2 : /validateImage....
2023-06-03 11:55:03,153 INFO root waitress-2 : >>----->>> START:UUID:=5fc6f8fe-01d7-11ee-97e6-005056c00008 <<<-----<<
2023-06-03 11:55:03,155 INFO root waitress-2 : process_image:image_file_path=D:/Projects/py-ValidateImageAPI/static/images/239994619091982.jpg img_type=face
2023-06-03 11:55:03,155 INFO root waitress-2 : validate_input_file:isfile=True isurl=False
2023-06-03 11:55:03,156 INFO root waitress-2 : validate_input_file2:isfile=True isurl=False
2023-06-03 11:55:03,162 INFO root waitress-2 : face:face:is_face_valid:isurl=false
2023-06-03 11:55:03,302 INFO root waitress-2 : Face Locations=[(110, 253, 239, 124)]
2023-06-03 11:55:03,304 INFO root waitress-2 : is_face_valid=true
2023-06-03 11:55:03,317 INFO root waitress-2 : Actual face Dim=height=415 width=370
2023-06-03 11:55:03,318 INFO root waitress-2 : Required face Dim=height=2400 width=2400
2023-06-03 11:55:03,665 INFO root waitress-2 : is_binary_image=False
2023-06-03 11:55:03,953 INFO root waitress-2 : face:_isblur1_=false isvalidface=true remarks=Valid Image
2023-06-03 11:55:03,954 INFO root waitress-2 : >>----->>> END:UUID:=5fc6f8fe-01d7-11ee-97e6-005056c00008 <<<-----<<
2023-06-03 11:55:19,134 INFO root waitress-3 : /validateImage....
2023-06-03 11:55:19,135 INFO root waitress-3 : >>----->>> START:UUID:=694da3db-01d7-11ee-828a-005056c00008 <<<-----<<
2023-06-03 11:55:19,136 INFO root waitress-3 : process_image:image_file_path=D:/Projects/py-ValidateImageAPI/static/images/346299504061986.jpg img_type=face
2023-06-03 11:55:19,137 INFO root waitress-3 : validate_input_file:isfile=True isurl=False
2023-06-03 11:55:19,138 INFO root waitress-3 : validate_input_file2:isfile=True isurl=False
2023-06-03 11:55:19,142 INFO root waitress-3 : face:face:is_face_valid:isurl=false
2023-06-03 11:55:19,208 INFO root waitress-3 : Face Locations=[(63, 162, 138, 88)]
2023-06-03 11:55:19,210 INFO root waitress-3 : is_face_valid=true
2023-06-03 11:55:19,213 INFO root waitress-3 : Actual face Dim=height=269 width=253
2023-06-03 11:55:19,213 INFO root waitress-3 : Required face Dim=height=2400 width=2400
2023-06-03 11:55:19,435 INFO root waitress-3 : is_binary_image=True
2023-06-03 11:55:19,437 INFO root waitress-3 : face:_isblur1_=false isvalidface=false remarks=Invalid Image
2023-06-03 11:55:19,438 INFO root waitress-3 : >>----->>> END:UUID:=694da3db-01d7-11ee-828a-005056c00008 <<<-----<<
2023-06-03 11:56:11,018 INFO root waitress-0 : /validateImage....
2023-06-03 11:56:11,019 INFO root waitress-0 : >>----->>> START:UUID:=883a8ac5-01d7-11ee-9196-005056c00008 <<<-----<<
2023-06-03 11:56:11,021 INFO root waitress-0 : process_image:image_file_path=D:/Projects/py-ValidateImageAPI/static/images/349514915061995.jpg img_type=face
2023-06-03 11:56:11,022 INFO root waitress-0 : validate_input_file:isfile=True isurl=False
2023-06-03 11:56:11,023 INFO root waitress-0 : validate_input_file2:isfile=True isurl=False
2023-06-03 11:56:11,031 INFO root waitress-0 : face:face:is_face_valid:isurl=false
2023-06-03 11:56:11,213 INFO root waitress-0 : Face Locations=[(98, 287, 253, 132), (433, 218, 486, 156)]
2023-06-03 11:56:11,214 INFO root waitress-0 : is_face_valid=false
2023-06-03 11:56:11,220 INFO root waitress-0 : Actual face Dim=height=486 width=402
2023-06-03 11:56:11,221 INFO root waitress-0 : Required face Dim=height=2400 width=2400
2023-06-03 11:56:11,367 INFO root waitress-0 : is_binary_image=True
2023-06-03 11:56:11,370 INFO root waitress-0 : face:_isblur1_=false isvalidface=false remarks=Invalid Image
2023-06-03 11:56:11,371 INFO root waitress-0 : >>----->>> END:UUID:=883a8ac5-01d7-11ee-9196-005056c00008 <<<-----<<
2023-06-03 11:56:19,569 INFO root waitress-1 : /validateImage....
2023-06-03 11:56:19,571 INFO root waitress-1 : >>----->>> START:UUID:=8d536c14-01d7-11ee-8d14-005056c00008 <<<-----<<
2023-06-03 11:56:19,572 INFO root waitress-1 : process_image:image_file_path=D:/Projects/py-ValidateImageAPI/static/images/351437615101999.jpg img_type=face
2023-06-03 11:56:19,573 INFO root waitress-1 : validate_input_file:isfile=True isurl=False
2023-06-03 11:56:19,573 INFO root waitress-1 : validate_input_file2:isfile=True isurl=False
2023-06-03 11:56:19,577 INFO root waitress-1 : face:face:is_face_valid:isurl=false
2023-06-03 11:56:19,594 INFO root waitress-1 : Face Locations=[(26, 74, 70, 31)]
2023-06-03 11:56:19,596 INFO root waitress-1 : is_face_valid=true
2023-06-03 11:56:19,599 INFO root waitress-1 : Actual face Dim=height=123 width=107
2023-06-03 11:56:19,599 INFO root waitress-1 : Required face Dim=height=2400 width=2400
2023-06-03 11:56:19,745 INFO root waitress-1 : is_binary_image=False
2023-06-03 11:56:19,838 INFO root waitress-1 : face:_isblur1_=false isvalidface=true remarks=Valid Image
2023-06-03 11:56:19,840 INFO root waitress-1 : >>----->>> END:UUID:=8d536c14-01d7-11ee-8d14-005056c00008 <<<-----<<
2023-06-03 11:56:26,333 INFO root waitress-2 : /validateImage....
2023-06-03 11:56:26,335 INFO root waitress-2 : >>----->>> START:UUID:=915b79be-01d7-11ee-be40-005056c00008 <<<-----<<
2023-06-03 11:56:26,336 INFO root waitress-2 : process_image:image_file_path=D:/Projects/py-ValidateImageAPI/static/images/350249805101990.jpg img_type=face
2023-06-03 11:56:26,337 INFO root waitress-2 : validate_input_file:isfile=True isurl=False
2023-06-03 11:56:26,337 INFO root waitress-2 : validate_input_file2:isfile=True isurl=False
2023-06-03 11:56:26,358 INFO root waitress-2 : face:face:is_face_valid:isurl=false
2023-06-03 11:56:26,813 INFO root waitress-2 : Face Locations=[(340, 368, 469, 239)]
2023-06-03 11:56:26,814 INFO root waitress-2 : is_face_valid=true
2023-06-03 11:56:26,824 INFO root waitress-2 : Actual face Dim=height=816 width=612
2023-06-03 11:56:26,825 INFO root waitress-2 : Required face Dim=height=2400 width=2400
2023-06-03 11:56:27,375 INFO root waitress-2 : is_binary_image=False
2023-06-03 11:56:27,840 INFO root waitress-2 : face:_isblur1_=false isvalidface=false remarks=Full Scan Image
2023-06-03 11:56:27,841 INFO root waitress-2 : >>----->>> END:UUID:=915b79be-01d7-11ee-be40-005056c00008 <<<-----<<
2023-06-03 11:56:33,899 INFO root waitress-3 : /validateImage....
2023-06-03 11:56:33,900 INFO root waitress-3 : >>----->>> START:UUID:=95dde632-01d7-11ee-b7fe-005056c00008 <<<-----<<
2023-06-03 11:56:33,904 INFO root waitress-3 : process_image:image_file_path=D:/Projects/py-ValidateImageAPI/static/images/349984905081983.jpg img_type=face
2023-06-03 11:56:33,904 INFO root waitress-3 : validate_input_file:isfile=True isurl=False
2023-06-03 11:56:33,906 INFO root waitress-3 : validate_input_file2:isfile=True isurl=False
2023-06-03 11:56:33,959 INFO root waitress-3 : face:face:is_face_valid:isurl=false
2023-06-03 11:56:33,972 DEBUG PIL.TiffImagePlugin waitress-3 : tag: Orientation (274) - type: short (3) - value: b'\x00\x01'
2023-06-03 11:56:33,974 DEBUG PIL.TiffImagePlugin waitress-3 : tag: XResolution (282) - type: rational (5) Tag Location: 34 - Data Location: 98 - value: b'\x00\x00\x00d\x00\x00\x00\x01'
2023-06-03 11:56:33,974 DEBUG PIL.TiffImagePlugin waitress-3 : tag: YResolution (283) - type: rational (5) Tag Location: 46 - Data Location: 106 - value: b'\x00\x00\x00d\x00\x00\x00\x01'
2023-06-03 11:56:33,975 DEBUG PIL.TiffImagePlugin waitress-3 : tag: ResolutionUnit (296) - type: short (3) - value: b'\x00\x02'
2023-06-03 11:56:33,977 DEBUG PIL.TiffImagePlugin waitress-3 : tag: Software (305) - type: string (2) Tag Location: 70 - Data Location: 114 - value: b'Adobe Photoshop 7.0\x00'
2023-06-03 11:56:33,977 DEBUG PIL.TiffImagePlugin waitress-3 : tag: DateTime (306) - type: string (2) Tag Location: 82 - Data Location: 134 - value: b'2022:09:19 15:24:37\x00'
2023-06-03 11:56:33,978 DEBUG PIL.TiffImagePlugin waitress-3 : tag: ExifIFD (34665) - type: long (4) - value: b'\x00\x00\x00\x9c'
2023-06-03 11:56:34,855 INFO root waitress-3 : Face Locations=[(564, 432, 626, 370)]
2023-06-03 11:56:34,856 INFO root waitress-3 : is_face_valid=true
2023-06-03 11:56:34,868 INFO root waitress-3 : Actual face Dim=height=1169 width=827
2023-06-03 11:56:34,870 INFO root waitress-3 : Required face Dim=height=2400 width=2400
2023-06-03 11:56:34,870 DEBUG PIL.TiffImagePlugin waitress-3 : tag: Orientation (274) - type: short (3) - value: b'\x00\x01'
2023-06-03 11:56:34,871 DEBUG PIL.TiffImagePlugin waitress-3 : tag: XResolution (282) - type: rational (5) Tag Location: 34 - Data Location: 98 - value: b'\x00\x00\x00d\x00\x00\x00\x01'
2023-06-03 11:56:34,872 DEBUG PIL.TiffImagePlugin waitress-3 : tag: YResolution (283) - type: rational (5) Tag Location: 46 - Data Location: 106 - value: b'\x00\x00\x00d\x00\x00\x00\x01'
2023-06-03 11:56:34,873 DEBUG PIL.TiffImagePlugin waitress-3 : tag: ResolutionUnit (296) - type: short (3) - value: b'\x00\x02'
2023-06-03 11:56:34,873 DEBUG PIL.TiffImagePlugin waitress-3 : tag: Software (305) - type: string (2) Tag Location: 70 - Data Location: 114 - value: b'Adobe Photoshop 7.0\x00'
2023-06-03 11:56:34,874 DEBUG PIL.TiffImagePlugin waitress-3 : tag: DateTime (306) - type: string (2) Tag Location: 82 - Data Location: 134 - value: b'2022:09:19 15:24:37\x00'
2023-06-03 11:56:34,875 DEBUG PIL.TiffImagePlugin waitress-3 : tag: ExifIFD (34665) - type: long (4) - value: b'\x00\x00\x00\x9c'
2023-06-03 11:56:35,550 INFO root waitress-3 : is_binary_image=False
2023-06-03 11:56:35,551 DEBUG PIL.TiffImagePlugin waitress-3 : tag: Orientation (274) - type: short (3) - value: b'\x00\x01'
2023-06-03 11:56:35,552 DEBUG PIL.TiffImagePlugin waitress-3 : tag: XResolution (282) - type: rational (5) Tag Location: 34 - Data Location: 98 - value: b'\x00\x00\x00d\x00\x00\x00\x01'
2023-06-03 11:56:35,552 DEBUG PIL.TiffImagePlugin waitress-3 : tag: YResolution (283) - type: rational (5) Tag Location: 46 - Data Location: 106 - value: b'\x00\x00\x00d\x00\x00\x00\x01'
2023-06-03 11:56:35,553 DEBUG PIL.TiffImagePlugin waitress-3 : tag: ResolutionUnit (296) - type: short (3) - value: b'\x00\x02'
2023-06-03 11:56:35,554 DEBUG PIL.TiffImagePlugin waitress-3 : tag: Software (305) - type: string (2) Tag Location: 70 - Data Location: 114 - value: b'Adobe Photoshop 7.0\x00'
2023-06-03 11:56:35,555 DEBUG PIL.TiffImagePlugin waitress-3 : tag: DateTime (306) - type: string (2) Tag Location: 82 - Data Location: 134 - value: b'2022:09:19 15:24:37\x00'
2023-06-03 11:56:35,563 DEBUG PIL.TiffImagePlugin waitress-3 : tag: ExifIFD (34665) - type: long (4) - value: b'\x00\x00\x00\x9c'
2023-06-03 11:56:35,567 DEBUG PIL.TiffImagePlugin waitress-3 : tag: Orientation (274) - type: short (3) - value: b'\x00\x01'
2023-06-03 11:56:35,567 DEBUG PIL.TiffImagePlugin waitress-3 : tag: XResolution (282) - type: rational (5) Tag Location: 34 - Data Location: 98 - value: b'\x00\x00\x00d\x00\x00\x00\x01'
2023-06-03 11:56:35,568 DEBUG PIL.TiffImagePlugin waitress-3 : tag: YResolution (283) - type: rational (5) Tag Location: 46 - Data Location: 106 - value: b'\x00\x00\x00d\x00\x00\x00\x01'
2023-06-03 11:56:35,569 DEBUG PIL.TiffImagePlugin waitress-3 : tag: ResolutionUnit (296) - type: short (3) - value: b'\x00\x02'
2023-06-03 11:56:35,569 DEBUG PIL.TiffImagePlugin waitress-3 : tag: Software (305) - type: string (2) Tag Location: 70 - Data Location: 114 - value: b'Adobe Photoshop 7.0\x00'
2023-06-03 11:56:35,570 DEBUG PIL.TiffImagePlugin waitress-3 : tag: DateTime (306) - type: string (2) Tag Location: 82 - Data Location: 134 - value: b'2022:09:19 15:24:37\x00'
2023-06-03 11:56:35,571 DEBUG PIL.TiffImagePlugin waitress-3 : tag: ExifIFD (34665) - type: long (4) - value: b'\x00\x00\x00\x9c'
2023-06-03 11:56:36,314 INFO root waitress-3 : face:_isblur1_=false isvalidface=false remarks=Full Scan Image
2023-06-03 11:56:36,316 INFO root waitress-3 : >>----->>> END:UUID:=95dde632-01d7-11ee-b7fe-005056c00008 <<<-----<<
2023-06-03 11:56:49,124 INFO root waitress-0 : /validateImage....
2023-06-03 11:56:49,125 INFO root waitress-0 : >>----->>> START:UUID:=9ef0eea8-01d7-11ee-8959-005056c00008 <<<-----<<
2023-06-03 11:56:49,126 INFO root waitress-0 : process_image:image_file_path=D:/Projects/py-ValidateImageAPI/static/images/173838008041984.jpg img_type=face
2023-06-03 11:56:49,127 INFO root waitress-0 : validate_input_file:isfile=True isurl=False
2023-06-03 11:56:49,128 INFO root waitress-0 : validate_input_file2:isfile=True isurl=False
2023-06-03 11:56:49,164 INFO root waitress-0 : face:face:is_face_valid:isurl=false
2023-06-03 11:56:49,881 INFO root waitress-0 : Face Locations=[(82, 210, 211, 81)]
2023-06-03 11:56:49,882 INFO root waitress-0 : is_face_valid=true
2023-06-03 11:56:49,895 INFO root waitress-0 : Actual face Dim=height=617 width=1298
2023-06-03 11:56:49,896 INFO root waitress-0 : Required face Dim=height=2400 width=2400
2023-06-03 11:56:50,572 INFO root waitress-0 : is_binary_image=False
2023-06-03 11:56:51,291 INFO root waitress-0 : face:_isblur1_=false isvalidface=false remarks=Full Scan Image
2023-06-03 11:56:51,292 INFO root waitress-0 : >>----->>> END:UUID:=9ef0eea8-01d7-11ee-8959-005056c00008 <<<-----<<
2023-06-03 11:58:40,822 INFO root waitress-1 : /validateImage....
2023-06-03 11:58:40,823 INFO root waitress-1 : >>----->>> START:UUID:=e184b33b-01d7-11ee-8598-005056c00008 <<<-----<<
2023-06-03 11:58:40,824 INFO root waitress-1 : process_image:image_file_path=D:/Projects/py-ValidateImageAPI/static/images/350249805101990.jpg img_type=face
2023-06-03 11:58:40,825 INFO root waitress-1 : validate_input_file:isfile=True isurl=False
2023-06-03 11:58:40,825 INFO root waitress-1 : validate_input_file2:isfile=True isurl=False
2023-06-03 11:58:40,845 INFO root waitress-1 : face:face:is_face_valid:isurl=false
2023-06-03 11:58:41,293 INFO root waitress-1 : Face Locations=[(340, 368, 469, 239)]
2023-06-03 11:58:41,295 INFO root waitress-1 : is_face_valid=true
2023-06-03 11:58:41,303 INFO root waitress-1 : Actual face Dim=height=816 width=612
2023-06-03 11:58:41,305 INFO root waitress-1 : Required face Dim=height=2400 width=2400
2023-06-03 11:58:41,814 INFO root waitress-1 : is_binary_image=False
2023-06-03 11:58:42,264 INFO root waitress-1 : face:_isblur1_=false isvalidface=false remarks=Full Scan Image
2023-06-03 11:58:42,266 INFO root waitress-1 : >>----->>> END:UUID:=e184b33b-01d7-11ee-8598-005056c00008 <<<-----<<
2023-06-03 12:00:45,160 INFO root waitress-2 : /validateImage....
2023-06-03 12:00:45,161 INFO root waitress-2 : >>----->>> START:UUID:=2ba1459f-01d8-11ee-88ef-005056c00008 <<<-----<<
2023-06-03 12:00:45,163 INFO root waitress-2 : process_image:image_file_path=D:/Projects/py-ValidateImageAPI/static/images/351437615101999.jpg img_type=face
2023-06-03 12:00:45,164 INFO root waitress-2 : validate_input_file:isfile=True isurl=False
2023-06-03 12:00:45,165 INFO root waitress-2 : validate_input_file2:isfile=True isurl=False
2023-06-03 12:00:45,168 INFO root waitress-2 : face:face:is_face_valid:isurl=false
2023-06-03 12:00:45,186 INFO root waitress-2 : Face Locations=[(26, 74, 70, 31)]
2023-06-03 12:00:45,187 INFO root waitress-2 : is_face_valid=true
2023-06-03 12:00:45,189 INFO root waitress-2 : Actual face Dim=height=123 width=107
2023-06-03 12:00:45,190 INFO root waitress-2 : Required face Dim=height=2400 width=2400
2023-06-03 12:00:45,283 INFO root waitress-2 : is_binary_image=False
2023-06-03 12:00:45,377 INFO root waitress-2 : face:_isblur1_=false isvalidface=true remarks=Valid Image
2023-06-03 12:00:45,378 INFO root waitress-2 : >>----->>> END:UUID:=2ba1459f-01d8-11ee-88ef-005056c00008 <<<-----<<
2023-06-03 12:01:53,155 INFO root waitress-3 : /validateImage....
2023-06-03 12:01:53,157 INFO root waitress-3 : >>----->>> START:UUID:=542891a8-01d8-11ee-a28a-005056c00008 <<<-----<<
2023-06-03 12:01:53,158 INFO root waitress-3 : process_image:image_file_path=D:/Projects/py-ValidateImageAPI/static/images/3113348616.jpg img_type=sign
2023-06-03 12:01:53,159 INFO root waitress-3 : validate_input_file:isfile=True isurl=False
2023-06-03 12:01:53,162 INFO root waitress-3 : validate_input_file2:isfile=True isurl=False
2023-06-03 12:01:53,166 INFO root waitress-3 : sign:Actual sign Dim=height=96 width=216
2023-06-03 12:01:53,167 INFO root waitress-3 : sign:Requir sign Dim=height=2400 width=2400
2023-06-03 12:01:53,206 DEBUG PIL.PngImagePlugin waitress-3 : STREAM b'IHDR' 16 13
2023-06-03 12:01:53,207 DEBUG PIL.PngImagePlugin waitress-3 : STREAM b'sRGB' 41 1
2023-06-03 12:01:53,208 DEBUG PIL.PngImagePlugin waitress-3 : STREAM b'gAMA' 54 4
2023-06-03 12:01:53,208 DEBUG PIL.PngImagePlugin waitress-3 : STREAM b'pHYs' 70 9
2023-06-03 12:01:53,209 DEBUG PIL.PngImagePlugin waitress-3 : STREAM b'IDAT' 91 2671
2023-06-03 12:01:53,233 DEBUG PIL.PngImagePlugin waitress-3 : STREAM b'IHDR' 16 13
2023-06-03 12:01:53,234 DEBUG PIL.PngImagePlugin waitress-3 : STREAM b'sRGB' 41 1
2023-06-03 12:01:53,235 DEBUG PIL.PngImagePlugin waitress-3 : STREAM b'gAMA' 54 4
2023-06-03 12:01:53,235 DEBUG PIL.PngImagePlugin waitress-3 : STREAM b'pHYs' 70 9
2023-06-03 12:01:53,236 DEBUG PIL.PngImagePlugin waitress-3 : STREAM b'IDAT' 91 2671
2023-06-03 12:01:53,237 DEBUG PIL.PngImagePlugin waitress-3 : STREAM b'IHDR' 16 13
2023-06-03 12:01:53,240 DEBUG PIL.PngImagePlugin waitress-3 : STREAM b'sRGB' 41 1
2023-06-03 12:01:53,240 DEBUG PIL.PngImagePlugin waitress-3 : STREAM b'gAMA' 54 4
2023-06-03 12:01:53,241 DEBUG PIL.PngImagePlugin waitress-3 : STREAM b'pHYs' 70 9
2023-06-03 12:01:53,242 DEBUG PIL.PngImagePlugin waitress-3 : STREAM b'IDAT' 91 2671
2023-06-03 12:02:26,274 INFO root waitress-0 : /validateImage....
2023-06-03 12:02:26,275 INFO root waitress-0 : >>----->>> START:UUID:=67e60232-01d8-11ee-b7b3-005056c00008 <<<-----<<
2023-06-03 12:02:26,277 INFO root waitress-0 : process_image:image_file_path=D:/Projects/py-ValidateImageAPI/static/images/3113348616.jpg img_type=sign
2023-06-03 12:02:26,278 INFO root waitress-0 : validate_input_file:isfile=True isurl=False
2023-06-03 12:02:26,281 INFO root waitress-0 : validate_input_file2:isfile=True isurl=False
2023-06-03 12:02:26,296 INFO root waitress-0 : sign:Actual sign Dim=height=96 width=216
2023-06-03 12:02:26,298 INFO root waitress-0 : sign:Requir sign Dim=height=2400 width=2400
2023-06-03 12:02:26,342 DEBUG PIL.PngImagePlugin waitress-0 : STREAM b'IHDR' 16 13
2023-06-03 12:02:26,343 DEBUG PIL.PngImagePlugin waitress-0 : STREAM b'sRGB' 41 1
2023-06-03 12:02:26,344 DEBUG PIL.PngImagePlugin waitress-0 : STREAM b'gAMA' 54 4
2023-06-03 12:02:26,345 DEBUG PIL.PngImagePlugin waitress-0 : STREAM b'pHYs' 70 9
2023-06-03 12:02:26,347 DEBUG PIL.PngImagePlugin waitress-0 : STREAM b'IDAT' 91 2671
2023-06-03 12:02:26,372 DEBUG PIL.PngImagePlugin waitress-0 : STREAM b'IHDR' 16 13
2023-06-03 12:02:26,373 DEBUG PIL.PngImagePlugin waitress-0 : STREAM b'sRGB' 41 1
2023-06-03 12:02:26,374 DEBUG PIL.PngImagePlugin waitress-0 : STREAM b'gAMA' 54 4
2023-06-03 12:02:26,375 DEBUG PIL.PngImagePlugin waitress-0 : STREAM b'pHYs' 70 9
2023-06-03 12:02:26,376 DEBUG PIL.PngImagePlugin waitress-0 : STREAM b'IDAT' 91 2671
2023-06-03 12:02:26,377 DEBUG PIL.PngImagePlugin waitress-0 : STREAM b'IHDR' 16 13
2023-06-03 12:02:26,378 DEBUG PIL.PngImagePlugin waitress-0 : STREAM b'sRGB' 41 1
2023-06-03 12:02:26,379 DEBUG PIL.PngImagePlugin waitress-0 : STREAM b'gAMA' 54 4
2023-06-03 12:02:26,379 DEBUG PIL.PngImagePlugin waitress-0 : STREAM b'pHYs' 70 9
2023-06-03 12:02:26,380 DEBUG PIL.PngImagePlugin waitress-0 : STREAM b'IDAT' 91 2671
2023-06-03 12:02:56,849 INFO root waitress-3 : sign:_isblur1_=false isvalidsign=false remarks=Full Scan Signature
2023-06-03 12:02:56,850 INFO root waitress-3 : >>----->>> END:UUID:=542891a8-01d8-11ee-a28a-005056c00008 <<<-----<<
2023-06-03 12:02:58,626 INFO root waitress-0 : sign:_isblur1_=false isvalidsign=false remarks=Full Scan Signature
2023-06-03 12:02:58,627 INFO root waitress-0 : >>----->>> END:UUID:=67e60232-01d8-11ee-b7b3-005056c00008 <<<-----<<
2023-06-03 12:03:14,539 INFO root waitress-1 : /validateImage....
2023-06-03 12:03:14,539 INFO root waitress-1 : >>----->>> START:UUID:=84aa962b-01d8-11ee-bc36-005056c00008 <<<-----<<
2023-06-03 12:03:14,539 INFO root waitress-1 : process_image:image_file_path=D:/Projects/py-ValidateImageAPI/static/images/3113348616.jpg img_type=sign
2023-06-03 12:03:14,539 INFO root waitress-1 : validate_input_file:isfile=True isurl=False
2023-06-03 12:03:14,539 INFO root waitress-1 : validate_input_file2:isfile=True isurl=False
2023-06-03 12:03:14,549 INFO root waitress-1 : sign:Actual sign Dim=height=96 width=216
2023-06-03 12:03:14,550 INFO root waitress-1 : sign:Requir sign Dim=height=2400 width=2400
2023-06-03 12:03:14,569 DEBUG PIL.PngImagePlugin waitress-1 : STREAM b'IHDR' 16 13
2023-06-03 12:03:14,569 DEBUG PIL.PngImagePlugin waitress-1 : STREAM b'sRGB' 41 1
2023-06-03 12:03:14,571 DEBUG PIL.PngImagePlugin waitress-1 : STREAM b'gAMA' 54 4
2023-06-03 12:03:14,572 DEBUG PIL.PngImagePlugin waitress-1 : STREAM b'pHYs' 70 9
2023-06-03 12:03:14,572 DEBUG PIL.PngImagePlugin waitress-1 : STREAM b'IDAT' 91 2671
2023-06-03 12:03:14,592 DEBUG PIL.PngImagePlugin waitress-1 : STREAM b'IHDR' 16 13
2023-06-03 12:03:14,592 DEBUG PIL.PngImagePlugin waitress-1 : STREAM b'sRGB' 41 1
2023-06-03 12:03:14,593 DEBUG PIL.PngImagePlugin waitress-1 : STREAM b'gAMA' 54 4
2023-06-03 12:03:14,594 DEBUG PIL.PngImagePlugin waitress-1 : STREAM b'pHYs' 70 9
2023-06-03 12:03:14,595 DEBUG PIL.PngImagePlugin waitress-1 : STREAM b'IDAT' 91 2671
2023-06-03 12:03:14,596 DEBUG PIL.PngImagePlugin waitress-1 : STREAM b'IHDR' 16 13
2023-06-03 12:03:14,597 DEBUG PIL.PngImagePlugin waitress-1 : STREAM b'sRGB' 41 1
2023-06-03 12:03:14,597 DEBUG PIL.PngImagePlugin waitress-1 : STREAM b'gAMA' 54 4
2023-06-03 12:03:14,599 DEBUG PIL.PngImagePlugin waitress-1 : STREAM b'pHYs' 70 9
2023-06-03 12:03:14,599 DEBUG PIL.PngImagePlugin waitress-1 : STREAM b'IDAT' 91 2671
2023-06-03 12:03:19,456 INFO root waitress-1 : sign:_isblur1_=false isvalidsign=false remarks=Full Scan Signature
2023-06-03 12:03:19,457 INFO root waitress-1 : >>----->>> END:UUID:=84aa962b-01d8-11ee-bc36-005056c00008 <<<-----<<
2023-06-03 12:05:10,090 INFO root waitress-2 : /validateImage....
2023-06-03 12:05:10,091 INFO root waitress-2 : >>----->>> START:UUID:=c98a6656-01d8-11ee-9dda-005056c00008 <<<-----<<
2023-06-03 12:05:10,093 INFO root waitress-2 : process_image:image_file_path=D:/Projects/py-ValidateImageAPI/static/images/3113352803.jpg img_type=sign
2023-06-03 12:05:10,093 INFO root waitress-2 : validate_input_file:isfile=True isurl=False
2023-06-03 12:05:10,095 INFO root waitress-2 : validate_input_file2:isfile=True isurl=False
2023-06-03 12:05:10,107 INFO root waitress-2 : sign:Actual sign Dim=height=204 width=80
2023-06-03 12:05:10,108 INFO root waitress-2 : sign:Requir sign Dim=height=2400 width=2400
2023-06-03 12:05:14,694 INFO root waitress-2 : sign:_isblur1_=false isvalidsign=false remarks=Full Scan Signature
2023-06-03 12:05:14,699 INFO root waitress-2 : >>----->>> END:UUID:=c98a6656-01d8-11ee-9dda-005056c00008 <<<-----<<
2023-06-03 12:05:41,061 INFO root MainThread : Started
2023-06-03 12:05:41,076 INFO waitress MainThread : Serving on http://0.0.0.0:5001
2023-06-03 12:16:54,909 INFO root waitress-0 : /validateImage....
2023-06-03 12:16:54,912 INFO root waitress-0 : >>----->>> START:UUID:=6da547c9-01da-11ee-9fca-005056c00008 <<<-----<<
2023-06-03 12:16:54,914 INFO root waitress-0 : process_image:image_file_path=D:/Projects/py-ValidateImageAPI/static/images/3113352803.jpg img_type=sign
2023-06-03 12:16:54,915 INFO root waitress-0 : validate_input_file:isfile=True isurl=False
2023-06-03 12:16:54,915 INFO root waitress-0 : validate_input_file2:isfile=True isurl=False
2023-06-03 12:16:54,920 INFO root waitress-0 : sign:Actual sign Dim=height=204 width=80
2023-06-03 12:16:54,921 INFO root waitress-0 : sign:Requir sign Dim=height=2400 width=2400
2023-06-03 12:16:55,009 INFO root waitress-0 : sign:_isblur1_=false isvalidsign=false remarks=Full Scan Signature
2023-06-03 12:16:55,010 INFO root waitress-0 : >>----->>> END:UUID:=6da547c9-01da-11ee-9fca-005056c00008 <<<-----<<
2023-06-03 12:39:26,021 INFO root waitress-1 : /validateImage....
2023-06-03 12:39:26,023 INFO root waitress-1 : >>----->>> START:UUID:=92f88360-01dd-11ee-81d0-005056c00008 <<<-----<<
2023-06-03 12:39:26,024 INFO root waitress-1 : process_image:image_file_path=D:/Projects/py-ValidateImageAPI/static/images/346299504061986.jpg img_type=sign
2023-06-03 12:39:26,025 INFO root waitress-1 : validate_input_file:isfile=True isurl=False
2023-06-03 12:39:26,025 INFO root waitress-1 : validate_input_file2:isfile=True isurl=False
2023-06-03 12:39:26,033 INFO root waitress-1 : sign:Actual sign Dim=height=269 width=253
2023-06-03 12:39:26,033 INFO root waitress-1 : sign:Requir sign Dim=height=2400 width=2400
2023-06-03 12:39:26,234 INFO root waitress-1 : sign:_isblur1_=false isvalidsign=false remarks=Invalid Signature
2023-06-03 12:39:26,235 INFO root waitress-1 : >>----->>> END:UUID:=92f88360-01dd-11ee-81d0-005056c00008 <<<-----<<
2023-06-03 12:39:32,536 INFO root waitress-2 : /validateImage....
2023-06-03 12:39:32,537 INFO root waitress-2 : >>----->>> START:UUID:=96daa6fc-01dd-11ee-af85-005056c00008 <<<-----<<
2023-06-03 12:39:32,539 INFO root waitress-2 : process_image:image_file_path=D:/Projects/py-ValidateImageAPI/static/images/346299504061986.jpg img_type=face
2023-06-03 12:39:32,539 INFO root waitress-2 : validate_input_file:isfile=True isurl=False
2023-06-03 12:39:32,541 INFO root waitress-2 : validate_input_file2:isfile=True isurl=False
2023-06-03 12:39:32,544 INFO root waitress-2 : face:face:is_face_valid:isurl=false
2023-06-03 12:39:32,631 INFO root waitress-2 : Face Locations=[(63, 162, 138, 88)]
2023-06-03 12:39:32,631 INFO root waitress-2 : is_face_valid=true
2023-06-03 12:39:32,635 INFO root waitress-2 : Actual face Dim=height=269 width=253
2023-06-03 12:39:32,635 INFO root waitress-2 : Required face Dim=height=2400 width=2400
2023-06-03 12:39:32,765 INFO root waitress-2 : is_binary_image=True
2023-06-03 12:39:32,767 INFO root waitress-2 : face:_isblur1_=false isvalidface=false remarks=Invalid Image
2023-06-03 12:39:32,768 INFO root waitress-2 : >>----->>> END:UUID:=96daa6fc-01dd-11ee-af85-005056c00008 <<<-----<<
2023-06-03 12:40:58,873 INFO root waitress-3 : /validateImage....
2023-06-03 12:40:58,874 INFO root waitress-3 : >>----->>> START:UUID:=ca508ec4-01dd-11ee-b08a-005056c00008 <<<-----<<
2023-06-03 12:40:58,875 INFO root waitress-3 : process_image:image_file_path=D:/Projects/py-ValidateImageAPI/static/images/3110166357.jpg img_type=sign
2023-06-03 12:40:58,876 INFO root waitress-3 : validate_input_file:isfile=True isurl=False
2023-06-03 12:40:58,877 INFO root waitress-3 : validate_input_file2:isfile=True isurl=False
2023-06-03 12:40:58,894 INFO root waitress-3 : sign:Actual sign Dim=height=443 width=178
2023-06-03 12:40:58,896 INFO root waitress-3 : sign:Requir sign Dim=height=2400 width=2400
2023-06-03 12:40:59,175 DEBUG PIL.TiffImagePlugin waitress-3 : tag: Make (271) - type: string (2) Tag Location: 22 - Data Location: 2170 - value: b'SONY\x00'
2023-06-03 12:40:59,175 DEBUG PIL.TiffImagePlugin waitress-3 : tag: Model (272) - type: string (2) Tag Location: 34 - Data Location: 2176 - value: b'Xperia M2\x00'
2023-06-03 12:40:59,177 DEBUG PIL.TiffImagePlugin waitress-3 : tag: Orientation (274) - type: short (3) - value: b'\x00\x06'
2023-06-03 12:40:59,177 DEBUG PIL.TiffImagePlugin waitress-3 : tag: Software (305) - type: string (2) Tag Location: 58 - Data Location: 2186 - value: b'Auto\x00'
2023-06-03 12:40:59,178 DEBUG PIL.TiffImagePlugin waitress-3 : tag: DateTime (306) - type: string (2) Tag Location: 70 - Data Location: 2192 - value: b'2015:06:24 15:10:50\x00'
2023-06-03 12:40:59,179 DEBUG PIL.TiffImagePlugin waitress-3 : tag: YCbCrPositioning (531) - type: short (3) - value: b'\x00\x01'
2023-06-03 12:40:59,180 DEBUG PIL.TiffImagePlugin waitress-3 : tag: ExifIFD (34665) - type: long (4) - value: b'\x00\x00\x08\xa4'
2023-06-03 12:40:59,180 DEBUG PIL.TiffImagePlugin waitress-3 : tag: unknown (59932) - type: undefined (7) Tag Location: 106 - Data Location: 110 - value: <table: 2060 bytes>
2023-06-03 12:40:59,186 INFO root waitress-3 : sign:_isblur1_=false isvalidsign=false remarks=Invalid Signature
2023-06-03 12:40:59,188 INFO root waitress-3 : >>----->>> END:UUID:=ca508ec4-01dd-11ee-b08a-005056c00008 <<<-----<<
2023-06-03 12:42:14,626 INFO root waitress-0 : /validateImage....
2023-06-03 12:42:14,628 INFO root waitress-0 : >>----->>> START:UUID:=f777c377-01dd-11ee-9ab6-005056c00008 <<<-----<<
2023-06-03 12:42:14,629 INFO root waitress-0 : process_image:image_file_path=D:/Projects/py-ValidateImageAPI/static/images/3113063610.jpg img_type=sign
2023-06-03 12:42:14,629 INFO root waitress-0 : validate_input_file:isfile=True isurl=False
2023-06-03 12:42:14,631 INFO root waitress-0 : validate_input_file2:isfile=True isurl=False
2023-06-03 12:42:14,636 INFO root waitress-0 : sign:Actual sign Dim=height=399 width=184
2023-06-03 12:42:14,637 INFO root waitress-0 : sign:Requir sign Dim=height=2400 width=2400
2023-06-03 12:42:14,910 INFO root waitress-0 : sign:_isblur1_=false isvalidsign=false remarks=Full Scan Signature
2023-06-03 12:42:14,911 INFO root waitress-0 : >>----->>> END:UUID:=f777c377-01dd-11ee-9ab6-005056c00008 <<<-----<<
2023-06-03 12:43:32,646 INFO root waitress-1 : /validateImage....
2023-06-03 12:43:32,647 INFO root waitress-1 : >>----->>> START:UUID:=25f88fe9-01de-11ee-ac7e-005056c00008 <<<-----<<
2023-06-03 12:43:32,650 INFO root waitress-1 : process_image:image_file_path=D:/Projects/py-ValidateImageAPI/static/images/3113344165.jpg img_type=sign
2023-06-03 12:43:32,651 INFO root waitress-1 : validate_input_file:isfile=True isurl=False
2023-06-03 12:43:32,652 INFO root waitress-1 : validate_input_file2:isfile=True isurl=False
2023-06-03 12:43:32,689 INFO root waitress-1 : sign:Actual sign Dim=height=450 width=1000
2023-06-03 12:43:32,690 INFO root waitress-1 : sign:Requir sign Dim=height=2400 width=2400
2023-06-03 12:43:33,326 INFO root waitress-1 : sign:_isblur1_=false isvalidsign=false remarks=Full Scan Signature
2023-06-03 12:43:33,326 INFO root waitress-1 : >>----->>> END:UUID:=25f88fe9-01de-11ee-ac7e-005056c00008 <<<-----<<
2023-06-03 12:44:25,406 INFO root waitress-2 : /validateImage....
2023-06-03 12:44:25,409 INFO root waitress-2 : >>----->>> START:UUID:=456b4720-01de-11ee-8396-005056c00008 <<<-----<<
2023-06-03 12:44:25,410 INFO root waitress-2 : process_image:image_file_path=D:/Projects/py-ValidateImageAPI/static/images/3113347090.jpg img_type=sign
2023-06-03 12:44:25,411 INFO root waitress-2 : validate_input_file:isfile=True isurl=False
2023-06-03 12:44:25,411 INFO root waitress-2 : validate_input_file2:isfile=True isurl=False
2023-06-03 12:44:25,415 INFO root waitress-2 : sign:Actual sign Dim=height=46 width=29
2023-06-03 12:44:25,417 INFO root waitress-2 : sign:Requir sign Dim=height=2400 width=2400
2023-06-03 12:44:25,441 DEBUG PIL.TiffImagePlugin waitress-2 : tag: Orientation (274) - type: short (3) - value: b'\x00\x01'
2023-06-03 12:44:25,443 DEBUG PIL.TiffImagePlugin waitress-2 : tag: XResolution (282) - type: rational (5) Tag Location: 34 - Data Location: 74 - value: b'\x00\x00\x00\x01\x00\x00\x00\x01'
2023-06-03 12:44:25,443 DEBUG PIL.TiffImagePlugin waitress-2 : tag: YResolution (283) - type: rational (5) Tag Location: 46 - Data Location: 82 - value: b'\x00\x00\x00\x01\x00\x00\x00\x01'
2023-06-03 12:44:25,445 DEBUG PIL.TiffImagePlugin waitress-2 : tag: ResolutionUnit (296) - type: short (3) - value: b'\x00\x02'
2023-06-03 12:44:25,446 DEBUG PIL.TiffImagePlugin waitress-2 : tag: YCbCrPositioning (531) - type: short (3) - value: b'\x00\x01'
2023-06-03 12:44:25,448 INFO root waitress-2 : sign:_isblur1_=false isvalidsign=false remarks=Invalid Signature
2023-06-03 12:44:25,449 INFO root waitress-2 : >>----->>> END:UUID:=456b4720-01de-11ee-8396-005056c00008 <<<-----<<
2023-06-03 12:45:24,811 INFO root waitress-3 : /validateImage....
2023-06-03 12:45:24,812 INFO root waitress-3 : >>----->>> START:UUID:=68d37d77-01de-11ee-85b0-005056c00008 <<<-----<<
2023-06-03 12:45:24,813 INFO root waitress-3 : process_image:image_file_path=D:/Projects/py-ValidateImageAPI/static/images/349514915061995.jpg img_type=sign
2023-06-03 12:45:24,814 INFO root waitress-3 : validate_input_file:isfile=True isurl=False
2023-06-03 12:45:24,815 INFO root waitress-3 : validate_input_file2:isfile=True isurl=False
2023-06-03 12:45:24,826 INFO root waitress-3 : sign:Actual sign Dim=height=486 width=402
2023-06-03 12:45:24,826 INFO root waitress-3 : sign:Requir sign Dim=height=2400 width=2400
2023-06-03 12:45:25,156 INFO root waitress-3 : sign:_isblur1_=false isvalidsign=false remarks=Invalid Signature
2023-06-03 12:45:25,158 INFO root waitress-3 : >>----->>> END:UUID:=68d37d77-01de-11ee-85b0-005056c00008 <<<-----<<
2023-06-03 12:45:30,973 INFO root waitress-0 : /validateImage....
2023-06-03 12:45:30,974 INFO root waitress-0 : >>----->>> START:UUID:=6c7fcde3-01de-11ee-aeba-005056c00008 <<<-----<<
2023-06-03 12:45:30,975 INFO root waitress-0 : process_image:image_file_path=D:/Projects/py-ValidateImageAPI/static/images/349514915061995.jpg img_type=face
2023-06-03 12:45:30,976 INFO root waitress-0 : validate_input_file:isfile=True isurl=False
2023-06-03 12:45:30,977 INFO root waitress-0 : validate_input_file2:isfile=True isurl=False
2023-06-03 12:45:30,986 INFO root waitress-0 : face:face:is_face_valid:isurl=false
2023-06-03 12:45:31,171 INFO root waitress-0 : Face Locations=[(98, 287, 253, 132), (433, 218, 486, 156)]
2023-06-03 12:45:31,173 INFO root waitress-0 : is_face_valid=false
2023-06-03 12:45:31,177 INFO root waitress-0 : Actual face Dim=height=486 width=402
2023-06-03 12:45:31,177 INFO root waitress-0 : Required face Dim=height=2400 width=2400
2023-06-03 12:45:31,315 INFO root waitress-0 : is_binary_image=True
2023-06-03 12:45:31,317 INFO root waitress-0 : face:_isblur1_=false isvalidface=false remarks=Invalid Image
2023-06-03 12:45:31,317 INFO root waitress-0 : >>----->>> END:UUID:=6c7fcde3-01de-11ee-aeba-005056c00008 <<<-----<<
2023-06-03 12:46:14,653 INFO root waitress-1 : /validateImage....
2023-06-03 12:46:14,655 INFO root waitress-1 : >>----->>> START:UUID:=86890975-01de-11ee-a824-005056c00008 <<<-----<<
2023-06-03 12:46:14,657 INFO root waitress-1 : process_image:image_file_path=D:/Projects/py-ValidateImageAPI/static/images/IMG-20230520-WA0005.jpg img_type=face
2023-06-03 12:46:14,657 INFO root waitress-1 : validate_input_file:isfile=True isurl=False
2023-06-03 12:46:14,658 INFO root waitress-1 : validate_input_file2:isfile=True isurl=False
2023-06-03 12:46:14,687 INFO root waitress-1 : face:face:is_face_valid:isurl=false
2023-06-03 12:46:15,057 INFO root waitress-1 : Face Locations=[(167, 390, 390, 167)]
2023-06-03 12:46:15,058 INFO root waitress-1 : is_face_valid=true
2023-06-03 12:46:15,065 INFO root waitress-1 : Actual face Dim=height=726 width=535
2023-06-03 12:46:15,066 INFO root waitress-1 : Required face Dim=height=2400 width=2400
2023-06-03 12:46:15,478 INFO root waitress-1 : is_binary_image=False
2023-06-03 12:46:15,949 INFO root waitress-1 : face:_isblur1_=false isvalidface=true remarks=Valid Image
2023-06-03 12:46:15,950 INFO root waitress-1 : >>----->>> END:UUID:=86890975-01de-11ee-a824-005056c00008 <<<-----<<
2023-06-03 12:46:53,737 INFO root waitress-2 : /validateImage....
2023-06-03 12:46:53,739 INFO root waitress-2 : >>----->>> START:UUID:=9dd4a8c8-01de-11ee-a44d-005056c00008 <<<-----<<
2023-06-03 12:46:53,740 INFO root waitress-2 : process_image:image_file_path=D:/Projects/py-ValidateImageAPI/static/images/IMG-20230520-WA0006.jpg img_type=face
2023-06-03 12:46:53,742 INFO root waitress-2 : validate_input_file:isfile=True isurl=False
2023-06-03 12:46:53,742 INFO root waitress-2 : validate_input_file2:isfile=True isurl=False
2023-06-03 12:46:53,797 INFO root waitress-2 : face:face:is_face_valid:isurl=false
2023-06-03 12:46:54,814 INFO root waitress-2 : Face Locations=[(290, 632, 675, 247)]
2023-06-03 12:46:54,815 INFO root waitress-2 : is_face_valid=true
2023-06-03 12:46:54,831 INFO root waitress-2 : Actual face Dim=height=1198 width=944
2023-06-03 12:46:54,833 INFO root waitress-2 : Required face Dim=height=2400 width=2400
2023-06-03 12:46:56,206 INFO root waitress-2 : is_binary_image=False
2023-06-03 12:46:57,324 INFO root waitress-2 : face:_isblur1_=false isvalidface=true remarks=Valid Image
2023-06-03 12:46:57,325 INFO root waitress-2 : >>----->>> END:UUID:=9dd4a8c8-01de-11ee-a44d-005056c00008 <<<-----<<
2023-06-03 12:48:08,470 INFO root waitress-3 : /validateImage....
2023-06-03 12:48:08,471 INFO root waitress-3 : >>----->>> START:UUID:=ca5fe3c0-01de-11ee-856f-005056c00008 <<<-----<<
2023-06-03 12:48:08,472 INFO root waitress-3 : process_image:image_file_path=D:/Projects/py-ValidateImageAPI/static/images/full scan-2.jpg img_type=face
2023-06-03 12:48:08,473 INFO root waitress-3 : validate_input_file:isfile=True isurl=False
2023-06-03 12:48:08,474 INFO root waitress-3 : validate_input_file2:isfile=True isurl=False
2023-06-03 12:48:08,505 INFO root waitress-3 : face:face:is_face_valid:isurl=false
2023-06-03 12:48:09,300 INFO root waitress-3 : Face Locations=[(241, 598, 562, 277)]
2023-06-03 12:48:09,302 INFO root waitress-3 : is_face_valid=true
2023-06-03 12:48:09,315 INFO root waitress-3 : Actual face Dim=height=1049 width=850
2023-06-03 12:48:09,316 INFO root waitress-3 : Required face Dim=height=2400 width=2400
2023-06-03 12:48:11,011 INFO root waitress-3 : is_binary_image=False
2023-06-03 12:48:12,635 INFO root waitress-3 : face:_isblur1_=false isvalidface=true remarks=Valid Image
2023-06-03 12:48:12,635 INFO root waitress-3 : >>----->>> END:UUID:=ca5fe3c0-01de-11ee-856f-005056c00008 <<<-----<<
2023-06-03 12:49:09,815 INFO root waitress-0 : /validateImage....
2023-06-03 12:49:09,816 INFO root waitress-0 : >>----->>> START:UUID:=eef07bf6-01de-11ee-abf9-005056c00008 <<<-----<<
2023-06-03 12:49:09,818 INFO root waitress-0 : process_image:image_file_path=D:/Projects/py-ValidateImageAPI/static/images/full scan-3.jpg img_type=face
2023-06-03 12:49:09,819 INFO root waitress-0 : validate_input_file:isfile=True isurl=False
2023-06-03 12:49:09,820 INFO root waitress-0 : validate_input_file2:isfile=True isurl=False
2023-06-03 12:49:09,871 INFO root waitress-0 : face:face:is_face_valid:isurl=false
2023-06-03 12:49:10,685 INFO root waitress-0 : Face Locations=[(277, 562, 598, 241)]
2023-06-03 12:49:10,687 INFO root waitress-0 : is_face_valid=true
2023-06-03 12:49:10,698 INFO root waitress-0 : Actual face Dim=height=1080 width=856
2023-06-03 12:49:10,698 INFO root waitress-0 : Required face Dim=height=2400 width=2400
2023-06-03 12:49:11,550 INFO root waitress-0 : is_binary_image=False
2023-06-03 12:49:12,394 INFO root waitress-0 : face:_isblur1_=false isvalidface=true remarks=Valid Image
2023-06-03 12:49:12,396 INFO root waitress-0 : >>----->>> END:UUID:=eef07bf6-01de-11ee-abf9-005056c00008 <<<-----<<
2023-06-03 12:49:42,623 INFO root waitress-1 : /validateImage....
2023-06-03 12:49:42,625 INFO root waitress-1 : >>----->>> START:UUID:=027eaf8d-01df-11ee-a491-005056c00008 <<<-----<<
2023-06-03 12:49:42,627 INFO root waitress-1 : process_image:image_file_path=D:/Projects/py-ValidateImageAPI/static/images/full scan-4.jpg img_type=face
2023-06-03 12:49:42,628 INFO root waitress-1 : validate_input_file:isfile=True isurl=False
2023-06-03 12:49:42,628 INFO root waitress-1 : validate_input_file2:isfile=True isurl=False
2023-06-03 12:49:42,718 INFO root waitress-1 : face:face:is_face_valid:isurl=false
2023-06-03 12:49:44,934 INFO root waitress-1 : Face Locations=[(295, 911, 850, 356)]
2023-06-03 12:49:44,936 INFO root waitress-1 : is_face_valid=true
2023-06-03 12:49:44,966 INFO root waitress-1 : Actual face Dim=height=1998 width=1265
2023-06-03 12:49:44,967 INFO root waitress-1 : Required face Dim=height=2400 width=2400
2023-06-03 12:49:46,862 INFO root waitress-1 : is_binary_image=False
2023-06-03 12:49:48,812 INFO root waitress-1 : face:_isblur1_=false isvalidface=true remarks=Valid Image
2023-06-03 12:49:48,813 INFO root waitress-1 : >>----->>> END:UUID:=027eaf8d-01df-11ee-a491-005056c00008 <<<-----<<
2023-06-03 12:50:26,093 INFO root waitress-2 : /validateImage....
2023-06-03 12:50:26,096 INFO root waitress-2 : >>----->>> START:UUID:=1c67d61c-01df-11ee-bdaa-005056c00008 <<<-----<<
2023-06-03 12:50:26,098 INFO root waitress-2 : process_image:image_file_path=D:/Projects/py-ValidateImageAPI/static/images/IMG-20230520-WA0001.jpg img_type=face
2023-06-03 12:50:26,099 INFO root waitress-2 : validate_input_file:isfile=True isurl=False
2023-06-03 12:50:26,100 INFO root waitress-2 : validate_input_file2:isfile=True isurl=False
2023-06-03 12:50:26,112 INFO root waitress-2 : face:face:is_face_valid:isurl=false
2023-06-03 12:50:26,322 INFO root waitress-2 : Face Locations=[(133, 287, 288, 132)]
2023-06-03 12:50:26,323 INFO root waitress-2 : is_face_valid=true
2023-06-03 12:50:26,328 INFO root waitress-2 : Actual face Dim=height=491 width=409
2023-06-03 12:50:26,329 INFO root waitress-2 : Required face Dim=height=2400 width=2400
2023-06-03 12:50:26,897 INFO root waitress-2 : is_binary_image=False
2023-06-03 12:50:27,316 INFO root waitress-2 : face:_isblur1_=false isvalidface=true remarks=Valid Image
2023-06-03 12:50:27,317 INFO root waitress-2 : >>----->>> END:UUID:=1c67d61c-01df-11ee-bdaa-005056c00008 <<<-----<<
2023-06-03 12:50:38,197 INFO root waitress-3 : /validateImage....
2023-06-03 12:50:38,198 INFO root waitress-3 : >>----->>> START:UUID:=239e716a-01df-11ee-afe3-005056c00008 <<<-----<<
2023-06-03 12:50:38,200 INFO root waitress-3 : process_image:image_file_path=D:/Projects/py-ValidateImageAPI/static/images/Blurr-3.jpg img_type=face
2023-06-03 12:50:38,202 INFO root waitress-3 : validate_input_file:isfile=True isurl=False
2023-06-03 12:50:38,203 INFO root waitress-3 : validate_input_file2:isfile=True isurl=False
2023-06-03 12:50:38,301 INFO root waitress-3 : face:face:is_face_valid:isurl=false
2023-06-03 12:50:40,445 INFO root waitress-3 : Face Locations=[(418, 972, 973, 418)]
2023-06-03 12:50:40,446 INFO root waitress-3 : is_face_valid=true
2023-06-03 12:50:40,474 INFO root waitress-3 : Actual face Dim=height=1798 width=1364
2023-06-03 12:50:40,476 INFO root waitress-3 : Required face Dim=height=2400 width=2400
2023-06-03 12:50:42,488 INFO root waitress-3 : is_binary_image=False
2023-06-03 12:50:44,538 INFO root waitress-3 : face:_isblur1_=false isvalidface=true remarks=Valid Image
2023-06-03 12:50:44,539 INFO root waitress-3 : >>----->>> END:UUID:=239e716a-01df-11ee-afe3-005056c00008 <<<-----<<
2023-06-03 12:51:22,825 INFO root waitress-0 : /validateImage....
2023-06-03 12:51:22,826 INFO root waitress-0 : >>----->>> START:UUID:=3e381f1b-01df-11ee-ba79-005056c00008 <<<-----<<
2023-06-03 12:51:22,827 INFO root waitress-0 : process_image:image_file_path=D:/Projects/py-ValidateImageAPI/static/images/349984905081983.jpg img_type=face
2023-06-03 12:51:22,828 INFO root waitress-0 : validate_input_file:isfile=True isurl=False
2023-06-03 12:51:22,829 INFO root waitress-0 : validate_input_file2:isfile=True isurl=False
2023-06-03 12:51:22,865 INFO root waitress-0 : face:face:is_face_valid:isurl=false
2023-06-03 12:51:22,867 DEBUG PIL.TiffImagePlugin waitress-0 : tag: Orientation (274) - type: short (3) - value: b'\x00\x01'
2023-06-03 12:51:22,868 DEBUG PIL.TiffImagePlugin waitress-0 : tag: XResolution (282) - type: rational (5) Tag Location: 34 - Data Location: 98 - value: b'\x00\x00\x00d\x00\x00\x00\x01'
2023-06-03 12:51:22,869 DEBUG PIL.TiffImagePlugin waitress-0 : tag: YResolution (283) - type: rational (5) Tag Location: 46 - Data Location: 106 - value: b'\x00\x00\x00d\x00\x00\x00\x01'
2023-06-03 12:51:22,869 DEBUG PIL.TiffImagePlugin waitress-0 : tag: ResolutionUnit (296) - type: short (3) - value: b'\x00\x02'
2023-06-03 12:51:22,870 DEBUG PIL.TiffImagePlugin waitress-0 : tag: Software (305) - type: string (2) Tag Location: 70 - Data Location: 114 - value: b'Adobe Photoshop 7.0\x00'
2023-06-03 12:51:22,871 DEBUG PIL.TiffImagePlugin waitress-0 : tag: DateTime (306) - type: string (2) Tag Location: 82 - Data Location: 134 - value: b'2022:09:19 15:24:37\x00'
2023-06-03 12:51:22,871 DEBUG PIL.TiffImagePlugin waitress-0 : tag: ExifIFD (34665) - type: long (4) - value: b'\x00\x00\x00\x9c'
2023-06-03 12:51:23,757 INFO root waitress-0 : Face Locations=[(564, 432, 626, 370)]
2023-06-03 12:51:23,759 INFO root waitress-0 : is_face_valid=true
2023-06-03 12:51:23,770 INFO root waitress-0 : Actual face Dim=height=1169 width=827
2023-06-03 12:51:23,772 INFO root waitress-0 : Required face Dim=height=2400 width=2400
2023-06-03 12:51:23,772 DEBUG PIL.TiffImagePlugin waitress-0 : tag: Orientation (274) - type: short (3) - value: b'\x00\x01'
2023-06-03 12:51:23,773 DEBUG PIL.TiffImagePlugin waitress-0 : tag: XResolution (282) - type: rational (5) Tag Location: 34 - Data Location: 98 - value: b'\x00\x00\x00d\x00\x00\x00\x01'
2023-06-03 12:51:23,773 DEBUG PIL.TiffImagePlugin waitress-0 : tag: YResolution (283) - type: rational (5) Tag Location: 46 - Data Location: 106 - value: b'\x00\x00\x00d\x00\x00\x00\x01'
2023-06-03 12:51:23,774 DEBUG PIL.TiffImagePlugin waitress-0 : tag: ResolutionUnit (296) - type: short (3) - value: b'\x00\x02'
2023-06-03 12:51:23,775 DEBUG PIL.TiffImagePlugin waitress-0 : tag: Software (305) - type: string (2) Tag Location: 70 - Data Location: 114 - value: b'Adobe Photoshop 7.0\x00'
2023-06-03 12:51:23,775 DEBUG PIL.TiffImagePlugin waitress-0 : tag: DateTime (306) - type: string (2) Tag Location: 82 - Data Location: 134 - value: b'2022:09:19 15:24:37\x00'
2023-06-03 12:51:23,775 DEBUG PIL.TiffImagePlugin waitress-0 : tag: ExifIFD (34665) - type: long (4) - value: b'\x00\x00\x00\x9c'
2023-06-03 12:51:24,548 INFO root waitress-0 : is_binary_image=False
2023-06-03 12:51:24,550 DEBUG PIL.TiffImagePlugin waitress-0 : tag: Orientation (274) - type: short (3) - value: b'\x00\x01'
2023-06-03 12:51:24,551 DEBUG PIL.TiffImagePlugin waitress-0 : tag: XResolution (282) - type: rational (5) Tag Location: 34 - Data Location: 98 - value: b'\x00\x00\x00d\x00\x00\x00\x01'
2023-06-03 12:51:24,551 DEBUG PIL.TiffImagePlugin waitress-0 : tag: YResolution (283) - type: rational (5) Tag Location: 46 - Data Location: 106 - value: b'\x00\x00\x00d\x00\x00\x00\x01'
2023-06-03 12:51:24,552 DEBUG PIL.TiffImagePlugin waitress-0 : tag: ResolutionUnit (296) - type: short (3) - value: b'\x00\x02'
2023-06-03 12:51:24,552 DEBUG PIL.TiffImagePlugin waitress-0 : tag: Software (305) - type: string (2) Tag Location: 70 - Data Location: 114 - value: b'Adobe Photoshop 7.0\x00'
2023-06-03 12:51:24,553 DEBUG PIL.TiffImagePlugin waitress-0 : tag: DateTime (306) - type: string (2) Tag Location: 82 - Data Location: 134 - value: b'2022:09:19 15:24:37\x00'
2023-06-03 12:51:24,553 DEBUG PIL.TiffImagePlugin waitress-0 : tag: ExifIFD (34665) - type: long (4) - value: b'\x00\x00\x00\x9c'
2023-06-03 12:51:24,557 DEBUG PIL.TiffImagePlugin waitress-0 : tag: Orientation (274) - type: short (3) - value: b'\x00\x01'
2023-06-03 12:51:24,557 DEBUG PIL.TiffImagePlugin waitress-0 : tag: XResolution (282) - type: rational (5) Tag Location: 34 - Data Location: 98 - value: b'\x00\x00\x00d\x00\x00\x00\x01'
2023-06-03 12:51:24,558 DEBUG PIL.TiffImagePlugin waitress-0 : tag: YResolution (283) - type: rational (5) Tag Location: 46 - Data Location: 106 - value: b'\x00\x00\x00d\x00\x00\x00\x01'
2023-06-03 12:51:24,559 DEBUG PIL.TiffImagePlugin waitress-0 : tag: ResolutionUnit (296) - type: short (3) - value: b'\x00\x02'
2023-06-03 12:51:24,559 DEBUG PIL.TiffImagePlugin waitress-0 : tag: Software (305) - type: string (2) Tag Location: 70 - Data Location: 114 - value: b'Adobe Photoshop 7.0\x00'
2023-06-03 12:51:24,559 DEBUG PIL.TiffImagePlugin waitress-0 : tag: DateTime (306) - type: string (2) Tag Location: 82 - Data Location: 134 - value: b'2022:09:19 15:24:37\x00'
2023-06-03 12:51:24,560 DEBUG PIL.TiffImagePlugin waitress-0 : tag: ExifIFD (34665) - type: long (4) - value: b'\x00\x00\x00\x9c'
2023-06-03 12:51:25,252 INFO root waitress-0 : face:_isblur1_=false isvalidface=false remarks=Full Scan Image
2023-06-03 12:51:25,253 INFO root waitress-0 : >>----->>> END:UUID:=3e381f1b-01df-11ee-ba79-005056c00008 <<<-----<<
2023-06-03 12:52:06,742 INFO root waitress-1 : /validateImage....
2023-06-03 12:52:06,744 INFO root waitress-1 : >>----->>> START:UUID:=58655393-01df-11ee-a34b-005056c00008 <<<-----<<
2023-06-03 12:52:06,745 INFO root waitress-1 : process_image:image_file_path=D:/Projects/py-ValidateImageAPI/static/images/Without signature -2.jpg img_type=sign
2023-06-03 12:52:06,746 INFO root waitress-1 : validate_input_file:isfile=True isurl=False
2023-06-03 12:52:06,747 INFO root waitress-1 : validate_input_file2:isfile=True isurl=False
2023-06-03 12:52:06,773 INFO root waitress-1 : sign:Actual sign Dim=height=626 width=690
2023-06-03 12:52:06,775 INFO root waitress-1 : sign:Requir sign Dim=height=2400 width=2400
2023-06-03 12:52:07,423 INFO root waitress-1 : sign:_isblur1_=false isvalidsign=false remarks=Full Scan Signature
2023-06-03 12:52:07,425 INFO root waitress-1 : >>----->>> END:UUID:=58655393-01df-11ee-a34b-005056c00008 <<<-----<<
2023-06-03 12:53:16,593 INFO root waitress-2 : /validateImage....
2023-06-03 12:53:16,594 INFO root waitress-2 : >>----->>> START:UUID:=8207b9ea-01df-11ee-995e-005056c00008 <<<-----<<
2023-06-03 12:53:16,595 INFO root waitress-2 : process_image:image_file_path=D:/Projects/py-ValidateImageAPI/static/images/detecting_blur_result_006.jpg img_type=sign
2023-06-03 12:53:16,596 INFO root waitress-2 : validate_input_file:isfile=True isurl=False
2023-06-03 12:53:16,597 INFO root waitress-2 : validate_input_file2:isfile=True isurl=False
2023-06-03 12:53:16,603 INFO root waitress-2 : sign:Actual sign Dim=height=139 width=526
2023-06-03 12:53:16,604 INFO root waitress-2 : sign:Requir sign Dim=height=2400 width=2400
2023-06-03 12:53:16,760 INFO root waitress-2 : sign:_isblur1_=false isvalidsign=true remarks=Valid Signature
2023-06-03 12:53:16,761 INFO root waitress-2 : >>----->>> END:UUID:=8207b9ea-01df-11ee-995e-005056c00008 <<<-----<<
2023-06-03 12:54:01,407 INFO root waitress-3 : /validateImage....
2023-06-03 12:54:01,408 INFO root waitress-3 : >>----->>> START:UUID:=9cbde014-01df-11ee-b3e4-005056c00008 <<<-----<<
2023-06-03 12:54:01,409 INFO root waitress-3 : process_image:image_file_path=D:/Projects/py-ValidateImageAPI/static/images/Without signature -4.jpg img_type=sign
2023-06-03 12:54:01,410 INFO root waitress-3 : validate_input_file:isfile=True isurl=False
2023-06-03 12:54:01,410 INFO root waitress-3 : validate_input_file2:isfile=True isurl=False
2023-06-03 12:54:01,445 INFO root waitress-3 : sign:Actual sign Dim=height=670 width=966
2023-06-03 12:54:01,446 INFO root waitress-3 : sign:Requir sign Dim=height=2400 width=2400
2023-06-03 12:54:02,619 INFO root waitress-3 : sign:_isblur1_=false isvalidsign=true remarks=Valid Signature
2023-06-03 12:54:02,620 INFO root waitress-3 : >>----->>> END:UUID:=9cbde014-01df-11ee-b3e4-005056c00008 <<<-----<<
2023-06-03 12:55:07,860 INFO root waitress-0 : /validateImage....
2023-06-03 12:55:07,862 INFO root waitress-0 : >>----->>> START:UUID:=c459f7bb-01df-11ee-814c-005056c00008 <<<-----<<
2023-06-03 12:55:07,863 INFO root waitress-0 : process_image:image_file_path=D:/Projects/py-ValidateImageAPI/static/images/Without signature -1.jpg img_type=sign
2023-06-03 12:55:07,864 INFO root waitress-0 : validate_input_file:isfile=True isurl=False
2023-06-03 12:55:07,865 INFO root waitress-0 : validate_input_file2:isfile=True isurl=False
2023-06-03 12:55:07,882 INFO root waitress-0 : sign:Actual sign Dim=height=431 width=800
2023-06-03 12:55:07,884 INFO root waitress-0 : sign:Requir sign Dim=height=2400 width=2400
2023-06-03 12:55:08,449 INFO root waitress-0 : sign:_isblur1_=false isvalidsign=false remarks=Full Scan Signature
2023-06-03 12:55:08,450 INFO root waitress-0 : >>----->>> END:UUID:=c459f7bb-01df-11ee-814c-005056c00008 <<<-----<<
